
## ---------------------- ##
## Running config.status. ##
## ---------------------- ##

This file was extended by FreeFem++ config.status 3.11, which was
generated by GNU Autoconf 2.65.  Invocation command line was

  CONFIG_FILES    = 
  CONFIG_HEADERS  = 
  CONFIG_LINKS    = 
  CONFIG_COMMANDS = 
  $ ../../config.status --file=Makefile.in:Makefile-metis.in

on filippos

config.status:1038: creating Makefile.in

## ---------------------- ##
## Running config.status. ##
## ---------------------- ##

This file was extended by FreeFem++ config.status 3.11, which was
generated by GNU Autoconf 2.65.  Invocation command line was

  CONFIG_FILES    = 
  CONFIG_HEADERS  = 
  CONFIG_LINKS    = 
  CONFIG_COMMANDS = 
  $ ../../config.status --file=Makefile.in:Makefile-metis.in

on filippos

config.status:1038: creating Makefile.in
