
## ---------------------- ##
## Running config.status. ##
## ---------------------- ##

This file was extended by FreeFem++ config.status 3.20, which was
generated by GNU Autoconf 2.69.  Invocation command line was

  CONFIG_FILES    = 
  CONFIG_HEADERS  = 
  CONFIG_LINKS    = 
  CONFIG_COMMANDS = 
  $ ../../config.status --file=Make.defs:Make.inc

on filippos

config.status:1055: creating Make.defs

## ---------------------- ##
## Running config.status. ##
## ---------------------- ##

This file was extended by FreeFem++ config.status 3.20, which was
generated by GNU Autoconf 2.69.  Invocation command line was

  CONFIG_FILES    = 
  CONFIG_HEADERS  = 
  CONFIG_LINKS    = 
  CONFIG_COMMANDS = 
  $ ../../config.status --file=Make.defs:Make.inc

on filippos

config.status:1055: creating Make.defs
