This is pdfeTeX, Version 3.141592-1.21a-2.2 (Web2C 7.5.4) (format=pdflatex 2006.3.24)  24 APR 2006 07:52
entering extended mode
**freefem++doc
(./freefem++doc.tex
LaTeX2e <2003/12/01>
Babel <v3.8d> and hyphenation patterns for american, french, german, ngerman, b
ahasa, basque, bulgarian, catalan, croatian, czech, danish, dutch, esperanto, e
stonian, finnish, greek, icelandic, irish, italian, latin, magyar, norsk, polis
h, portuges, romanian, russian, serbian, slovak, slovene, spanish, swedish, tur
kish, ukrainian, nohyphenation, loaded.
(/usr/share/texmf-tetex/tex/latex/base/book.cls
Document Class: book 2004/02/16 v1.4f Standard LaTeX document class
(/usr/share/texmf-tetex/tex/latex/base/bk12.clo
File: bk12.clo 2004/02/16 v1.4f Standard LaTeX file (size option)
)
\c@part=\count79
\c@chapter=\count80
\c@section=\count81
\c@subsection=\count82
\c@subsubsection=\count83
\c@paragraph=\count84
\c@subparagraph=\count85
\c@figure=\count86
\c@table=\count87
\abovecaptionskip=\skip41
\belowcaptionskip=\skip42
\bibindent=\dimen102
) (./styles.sty -- ++ pdf -- 
(./pdfsync.sty
Package: pdfsync 2004/01/31 v0.6
\PDFPOS=\write3
\PDFSYNC@folio=\count88
\PDFSYNC@rder=\count89
) (/usr/share/texmf-tetex/tex/latex/graphics/color.sty
Package: color 1999/02/16 v1.0i Standard LaTeX Color (DPC)

(/usr/share/texmf-tetex/tex/latex/graphics/color.cfg
File: color.cfg 2005/02/03 v1.3 color configuration of teTeX/TeXLive
)
Package color Info: Driver file: pdftex.def on input line 125.

(/usr/share/texmf-tetex/tex/latex/graphics/pdftex.def
File: pdftex.def 2002/06/19 v0.03k graphics/color for pdftex
\Gread@gobject=\count90
))
(/usr/share/texmf-tetex/tex/latex/graphics/graphicx.sty
Package: graphicx 1999/02/16 v1.0f Enhanced LaTeX Graphics (DPC,SPQR)

(/usr/share/texmf-tetex/tex/latex/graphics/keyval.sty
Package: keyval 1999/03/16 v1.13 key=value parser (DPC)
\KV@toks@=\toks14
)
(/usr/share/texmf-tetex/tex/latex/graphics/graphics.sty
Package: graphics 2001/07/07 v1.0n Standard LaTeX Graphics (DPC,SPQR)

(/usr/share/texmf-tetex/tex/latex/graphics/trig.sty
Package: trig 1999/03/16 v1.09 sin cos tan (DPC)
)
(/usr/share/texmf-tetex/tex/latex/graphics/graphics.cfg
File: graphics.cfg 2005/02/03 v1.3 graphics configuration of teTeX/TeXLive
)
Package graphics Info: Driver file: pdftex.def on input line 80.
)
\Gin@req@height=\dimen103
\Gin@req@width=\dimen104
)
(/usr/share/texmf-tetex/tex/latex/hyperref/hyperref.sty
Package: hyperref 2003/11/30 v6.74m Hypertext links for LaTeX
\@linkdim=\dimen105
\Hy@linkcounter=\count91
\Hy@pagecounter=\count92

(/usr/share/texmf-tetex/tex/latex/hyperref/pd1enc.def
File: pd1enc.def 2003/11/30 v6.74m Hyperref: PDFDocEncoding definition (HO)
)
(/usr/share/texmf-tetex/tex/latex/hyperref/hyperref.cfg
File: hyperref.cfg 2002/06/06 v1.2 hyperref configuration of TeXLive and teTeX
)
Package hyperref Info: Hyper figures OFF on input line 1880.
Package hyperref Info: Link nesting OFF on input line 1885.
Package hyperref Info: Hyper index ON on input line 1888.
Package hyperref Info: Plain pages ON on input line 1893.
Package hyperref Info: Backreferencing OFF on input line 1900.

Implicit mode ON; LaTeX internals redefined
Package hyperref Info: Bookmarks ON on input line 2004.
(/usr/share/texmf-tetex/tex/latex/url/url.sty
\Urlmuskip=\muskip10
Package: url 2004/03/15  ver 3.1  Verb mode for urls, etc.
)
LaTeX Info: Redefining \url on input line 2143.
\Fld@menulength=\count93
\Field@Width=\dimen106
\Fld@charsize=\dimen107
\Choice@toks=\toks15
\Field@toks=\toks16
Package hyperref Info: Hyper figures OFF on input line 2618.
Package hyperref Info: Link nesting OFF on input line 2623.
Package hyperref Info: Hyper index ON on input line 2626.
Package hyperref Info: backreferencing OFF on input line 2633.
Package hyperref Info: Link coloring OFF on input line 2638.
\c@Item=\count94
\c@Hfootnote=\count95
)
*hyperref using default driver hpdftex*
(/usr/share/texmf-tetex/tex/latex/hyperref/hpdftex.def
File: hpdftex.def 2003/11/30 v6.74m Hyperref driver for pdfTeX

(/usr/share/texmf-tetex/tex/latex/psnfss/pifont.sty
Package: pifont 2004/09/15 PSNFSS-v9.2 Pi font support (SPQR) 
LaTeX Font Info:    Try loading font information for U+pzd on input line 63.

(/usr/share/texmf-tetex/tex/latex/psnfss/upzd.fd
File: upzd.fd 2001/06/04 font definitions for U/pzd.
)
LaTeX Font Info:    Try loading font information for U+psy on input line 64.

(/usr/share/texmf-tetex/tex/latex/psnfss/upsy.fd
File: upsy.fd 2001/06/04 font definitions for U/psy.
))
\Fld@listcount=\count96
\@outlinefile=\write4
)
(/usr/share/texmf-tetex/tex/latex/tools/verbatim.sty
Package: verbatim 2003/08/22 v1.5q LaTeX2e package for verbatim enhancements
\every@verbatim=\toks17
\verbatim@line=\toks18
\verbatim@in@stream=\read1
)
(/usr/share/texmf-tetex/tex/latex/tools/calc.sty
Package: calc 1998/07/07 v4.1b Infix arithmetic (KKT,FJ)
\calc@Acount=\count97
\calc@Bcount=\count98
\calc@Adimen=\dimen108
\calc@Bdimen=\dimen109
\calc@Askip=\skip43
\calc@Bskip=\skip44
LaTeX Info: Redefining \setlength on input line 59.
LaTeX Info: Redefining \addtolength on input line 60.
\calc@denominator=\count99
)
(/usr/share/texmf-tetex/tex/latex/base/inputenc.sty
Package: inputenc 2004/02/05 v1.0d Input encoding file

(/usr/share/texmf-tetex/tex/latex/base/latin1.def
File: latin1.def 2004/02/05 v1.0d Input encoding file
)) (./FFF.sty
LaTeX Font Info:    Try loading font information for OT1+pcr on input line 24.

(/usr/share/texmf-tetex/tex/latex/psnfss/ot1pcr.fd
File: ot1pcr.fd 2001/06/04 font definitions for OT1/pcr.
))
(/usr/share/texmf-tetex/tex/latex/amsfonts/amsfonts.sty
Package: amsfonts 2001/10/25 v2.2f
\@emptytoks=\toks19
\symAMSa=\mathgroup4
\symAMSb=\mathgroup5
LaTeX Font Info:    Overwriting math alphabet `\mathfrak' in version `bold'
(Font)                  U/euf/m/n --> U/euf/b/n on input line 132.
)
(/usr/share/texmf-tetex/tex/latex/amsmath/amsmath.sty
Package: amsmath 2000/07/18 v2.13 AMS math features
\@mathmargin=\skip45

For additional information on amsmath, use the `?' option.
(/usr/share/texmf-tetex/tex/latex/amsmath/amstext.sty
Package: amstext 2000/06/29 v2.01

(/usr/share/texmf-tetex/tex/latex/amsmath/amsgen.sty
File: amsgen.sty 1999/11/30 v2.0
\@emptytoks=\toks20
\ex@=\dimen110
))
(/usr/share/texmf-tetex/tex/latex/amsmath/amsbsy.sty
Package: amsbsy 1999/11/29 v1.2d
\pmbraise@=\dimen111
)
(/usr/share/texmf-tetex/tex/latex/amsmath/amsopn.sty
Package: amsopn 1999/12/14 v2.01 operator names
)
\inf@bad=\count100
LaTeX Info: Redefining \frac on input line 211.
\uproot@=\count101
\leftroot@=\count102
LaTeX Info: Redefining \overline on input line 307.
\classnum@=\count103
\DOTSCASE@=\count104
LaTeX Info: Redefining \ldots on input line 379.
LaTeX Info: Redefining \dots on input line 382.
LaTeX Info: Redefining \cdots on input line 467.
\Mathstrutbox@=\box26
\strutbox@=\box27
\big@size=\dimen112
LaTeX Font Info:    Redeclaring font encoding OML on input line 567.
LaTeX Font Info:    Redeclaring font encoding OMS on input line 568.
\macc@depth=\count105
\c@MaxMatrixCols=\count106
\dotsspace@=\muskip11
\c@parentequation=\count107
\dspbrk@lvl=\count108
\tag@help=\toks21
\row@=\count109
\column@=\count110
\maxfields@=\count111
\andhelp@=\toks22
\eqnshift@=\dimen113
\alignsep@=\dimen114
\tagshift@=\dimen115
\tagwidth@=\dimen116
\totwidth@=\dimen117
\lineht@=\dimen118
\@envbody=\toks23
\multlinegap=\skip46
\multlinetaggap=\skip47
\mathdisplay@stack=\toks24
LaTeX Info: Redefining \[ on input line 2666.
LaTeX Info: Redefining \] on input line 2667.
)
(/usr/share/texmf-tetex/tex/latex/base/textcomp.sty
Package: textcomp 2004/02/22 v1.99f Standard LaTeX package
Package textcomp Info: Sub-encoding information:
(textcomp)               5 = only ISO-Adobe without \textcurrency
(textcomp)               4 = 5 + \texteuro
(textcomp)               3 = 4 + \textohm
(textcomp)               2 = 3 + \textestimated + \textcurrency
(textcomp)               1 = TS1 - \textcircled - \t
(textcomp)               0 = TS1 (full)
(textcomp)             Font families with sub-encoding setting implement
(textcomp)             only a restricted character set as indicated.
(textcomp)             Family '?' is the default used for unknown fonts.
(textcomp)             See the documentation for details.
Package textcomp Info: Setting ? sub-encoding to TS1/1 on input line 71.

(/usr/share/texmf-tetex/tex/latex/base/ts1enc.def
File: ts1enc.def 2001/06/05 v3.0e (jk/car/fm) Standard LaTeX file
)
LaTeX Info: Redefining \oldstylenums on input line 266.
Package textcomp Info: Setting cmr sub-encoding to TS1/0 on input line 281.
Package textcomp Info: Setting cmss sub-encoding to TS1/0 on input line 282.
Package textcomp Info: Setting cmtt sub-encoding to TS1/0 on input line 283.
Package textcomp Info: Setting cmvtt sub-encoding to TS1/0 on input line 284.
Package textcomp Info: Setting cmbr sub-encoding to TS1/0 on input line 285.
Package textcomp Info: Setting cmtl sub-encoding to TS1/0 on input line 286.
Package textcomp Info: Setting ccr sub-encoding to TS1/0 on input line 287.
Package textcomp Info: Setting ptm sub-encoding to TS1/4 on input line 288.
Package textcomp Info: Setting pcr sub-encoding to TS1/4 on input line 289.
Package textcomp Info: Setting phv sub-encoding to TS1/4 on input line 290.
Package textcomp Info: Setting ppl sub-encoding to TS1/3 on input line 291.
Package textcomp Info: Setting pag sub-encoding to TS1/4 on input line 292.
Package textcomp Info: Setting pbk sub-encoding to TS1/4 on input line 293.
Package textcomp Info: Setting pnc sub-encoding to TS1/4 on input line 294.
Package textcomp Info: Setting pzc sub-encoding to TS1/4 on input line 295.
Package textcomp Info: Setting bch sub-encoding to TS1/4 on input line 296.
Package textcomp Info: Setting put sub-encoding to TS1/5 on input line 297.
Package textcomp Info: Setting uag sub-encoding to TS1/5 on input line 298.
Package textcomp Info: Setting ugq sub-encoding to TS1/5 on input line 299.
Package textcomp Info: Setting ul8 sub-encoding to TS1/4 on input line 300.
Package textcomp Info: Setting ul9 sub-encoding to TS1/4 on input line 301.
Package textcomp Info: Setting augie sub-encoding to TS1/5 on input line 302.
Package textcomp Info: Setting dayrom sub-encoding to TS1/3 on input line 303.
Package textcomp Info: Setting dayroms sub-encoding to TS1/3 on input line 304.

Package textcomp Info: Setting pxr sub-encoding to TS1/0 on input line 305.
Package textcomp Info: Setting pxss sub-encoding to TS1/0 on input line 306.
Package textcomp Info: Setting pxtt sub-encoding to TS1/0 on input line 307.
Package textcomp Info: Setting txr sub-encoding to TS1/0 on input line 308.
Package textcomp Info: Setting txss sub-encoding to TS1/0 on input line 309.
Package textcomp Info: Setting txtt sub-encoding to TS1/0 on input line 310.
Package textcomp Info: Setting futs sub-encoding to TS1/4 on input line 311.
Package textcomp Info: Setting futx sub-encoding to TS1/4 on input line 312.
Package textcomp Info: Setting futj sub-encoding to TS1/4 on input line 313.
Package textcomp Info: Setting hlh sub-encoding to TS1/3 on input line 314.
Package textcomp Info: Setting hls sub-encoding to TS1/3 on input line 315.
Package textcomp Info: Setting hlst sub-encoding to TS1/3 on input line 316.
Package textcomp Info: Setting hlct sub-encoding to TS1/5 on input line 317.
Package textcomp Info: Setting hlx sub-encoding to TS1/5 on input line 318.
Package textcomp Info: Setting hlce sub-encoding to TS1/5 on input line 319.
Package textcomp Info: Setting hlcn sub-encoding to TS1/5 on input line 320.
Package textcomp Info: Setting hlcw sub-encoding to TS1/5 on input line 321.
Package textcomp Info: Setting hlcf sub-encoding to TS1/5 on input line 322.
Package textcomp Info: Setting pplx sub-encoding to TS1/3 on input line 323.
Package textcomp Info: Setting pplj sub-encoding to TS1/3 on input line 324.
Package textcomp Info: Setting ptmx sub-encoding to TS1/4 on input line 325.
Package textcomp Info: Setting ptmj sub-encoding to TS1/4 on input line 326.
)
(/usr/share/texmf-tetex/tex/latex/was/gensymb.sty
Package: gensymb 2003/07/02 v1.0 (WaS)
)
(/usr/share/texmf-tetex/tex/latex/base/makeidx.sty
Package: makeidx 2000/03/29 v1.0m Standard LaTeX package
)
(/usr/share/texmf-tetex/tex/latex/tools/multicol.sty
Package: multicol 2004/02/14 v1.6e multicolumn formatting (FMi)
\c@tracingmulticols=\count112
\mult@box=\box28
\multicol@leftmargin=\dimen119
\c@unbalance=\count113
\c@collectmore=\count114
\doublecol@number=\count115
\multicoltolerance=\count116
\multicolpretolerance=\count117
\full@width=\dimen120
\page@free=\dimen121
\premulticols=\dimen122
\postmulticols=\dimen123
\multicolsep=\skip48
\multicolbaselineskip=\skip49
\partial@page=\box29
\last@line=\box30
\mult@rightbox=\box31
\mult@grightbox=\box32
\mult@gfirstbox=\box33
\mult@firstbox=\box34
\@tempa=\box35
\@tempa=\box36
\@tempa=\box37
\@tempa=\box38
\@tempa=\box39
\@tempa=\box40
\@tempa=\box41
\@tempa=\box42
\@tempa=\box43
\@tempa=\box44
\@tempa=\box45
\@tempa=\box46
\@tempa=\box47
\@tempa=\box48
\@tempa=\box49
\@tempa=\box50
\@tempa=\box51
\c@columnbadness=\count118
\c@finalcolumnbadness=\count119
\last@try=\dimen124
\multicolovershoot=\dimen125
\multicolundershoot=\dimen126
\mult@nat@firstbox=\box52
\colbreak@box=\box53
)
\c@example=\count120
\c@note=\count121
\c@bug=\count122
\c@proposition=\count123
\c@algorithm=\count124
LaTeX Font Info:    Try loading font information for OT1+pnc on input line 119.


(/usr/share/texmf-tetex/tex/latex/psnfss/ot1pnc.fd
File: ot1pnc.fd 2001/06/04 font definitions for OT1/pnc.
)

LaTeX Font Warning: Font shape `OT1/pnc/r/n' undefined
(Font)              using `OT1/pnc/m/n' instead on input line 119.

) (/usr/share/texmf-tetex/tex/latex/txfonts/txfonts.sty
Package: txfonts 2005/01/03 v3.2
LaTeX Font Info:    Redeclaring symbol font `operators' on input line 20.
LaTeX Font Info:    Overwriting symbol font `operators' in version `normal'
(Font)                  OT1/cmr/m/n --> OT1/txr/m/n on input line 20.
LaTeX Font Info:    Overwriting symbol font `operators' in version `bold'
(Font)                  OT1/cmr/bx/n --> OT1/txr/m/n on input line 20.
LaTeX Font Info:    Overwriting symbol font `operators' in version `bold'
(Font)                  OT1/txr/m/n --> OT1/txr/bx/n on input line 21.
\symitalic=\mathgroup6
LaTeX Font Info:    Overwriting symbol font `italic' in version `bold'
(Font)                  OT1/txr/m/it --> OT1/txr/bx/it on input line 25.
LaTeX Font Info:    Redeclaring math alphabet \mathrm on input line 27.
LaTeX Font Info:    Redeclaring math alphabet \mathbf on input line 28.
LaTeX Font Info:    Overwriting math alphabet `\mathbf' in version `normal'
(Font)                  OT1/cmr/bx/n --> OT1/txr/bx/n on input line 28.
LaTeX Font Info:    Overwriting math alphabet `\mathbf' in version `bold'
(Font)                  OT1/cmr/bx/n --> OT1/txr/bx/n on input line 28.
LaTeX Font Info:    Redeclaring math alphabet \mathit on input line 29.
LaTeX Font Info:    Overwriting math alphabet `\mathit' in version `normal'
(Font)                  OT1/cmr/m/it --> OT1/txr/m/it on input line 29.
LaTeX Font Info:    Overwriting math alphabet `\mathit' in version `bold'
(Font)                  OT1/cmr/bx/it --> OT1/txr/m/it on input line 29.
LaTeX Font Info:    Overwriting math alphabet `\mathit' in version `bold'
(Font)                  OT1/txr/m/it --> OT1/txr/bx/it on input line 30.
LaTeX Font Info:    Redeclaring math alphabet \mathsf on input line 39.
LaTeX Font Info:    Overwriting math alphabet `\mathsf' in version `normal'
(Font)                  OT1/cmss/m/n --> OT1/txss/m/n on input line 39.
LaTeX Font Info:    Overwriting math alphabet `\mathsf' in version `bold'
(Font)                  OT1/cmss/bx/n --> OT1/txss/m/n on input line 39.
LaTeX Font Info:    Overwriting math alphabet `\mathsf' in version `bold'
(Font)                  OT1/txss/m/n --> OT1/txss/b/n on input line 40.
LaTeX Font Info:    Redeclaring math alphabet \mathtt on input line 49.
LaTeX Font Info:    Overwriting math alphabet `\mathtt' in version `normal'
(Font)                  OT1/cmtt/m/n --> OT1/txtt/m/n on input line 49.
LaTeX Font Info:    Overwriting math alphabet `\mathtt' in version `bold'
(Font)                  OT1/cmtt/m/n --> OT1/txtt/m/n on input line 49.
LaTeX Font Info:    Overwriting math alphabet `\mathtt' in version `bold'
(Font)                  OT1/txtt/m/n --> OT1/txtt/b/n on input line 50.
LaTeX Font Info:    Redeclaring symbol font `letters' on input line 57.
LaTeX Font Info:    Overwriting symbol font `letters' in version `normal'
(Font)                  OML/cmm/m/it --> OML/txmi/m/it on input line 57.
LaTeX Font Info:    Overwriting symbol font `letters' in version `bold'
(Font)                  OML/cmm/b/it --> OML/txmi/m/it on input line 57.
LaTeX Font Info:    Overwriting symbol font `letters' in version `bold'
(Font)                  OML/txmi/m/it --> OML/txmi/bx/it on input line 58.
\symlettersA=\mathgroup7
LaTeX Font Info:    Overwriting symbol font `lettersA' in version `bold'
(Font)                  U/txmia/m/it --> U/txmia/bx/it on input line 66.
LaTeX Font Info:    Redeclaring math alphabet \mathfrak on input line 69.
LaTeX Font Info:    Redeclaring symbol font `symbols' on input line 76.
LaTeX Font Info:    Overwriting symbol font `symbols' in version `normal'
(Font)                  OMS/cmsy/m/n --> OMS/txsy/m/n on input line 76.
LaTeX Font Info:    Overwriting symbol font `symbols' in version `bold'
(Font)                  OMS/cmsy/b/n --> OMS/txsy/m/n on input line 76.
LaTeX Font Info:    Overwriting symbol font `symbols' in version `bold'
(Font)                  OMS/txsy/m/n --> OMS/txsy/bx/n on input line 77.
LaTeX Font Info:    Redeclaring symbol font `AMSa' on input line 92.
LaTeX Font Info:    Overwriting symbol font `AMSa' in version `normal'
(Font)                  U/msa/m/n --> U/txsya/m/n on input line 92.
LaTeX Font Info:    Overwriting symbol font `AMSa' in version `bold'
(Font)                  U/msa/m/n --> U/txsya/m/n on input line 92.
LaTeX Font Info:    Overwriting symbol font `AMSa' in version `bold'
(Font)                  U/txsya/m/n --> U/txsya/bx/n on input line 93.
LaTeX Font Info:    Redeclaring symbol font `AMSb' on input line 101.
LaTeX Font Info:    Overwriting symbol font `AMSb' in version `normal'
(Font)                  U/msb/m/n --> U/txsyb/m/n on input line 101.
LaTeX Font Info:    Overwriting symbol font `AMSb' in version `bold'
(Font)                  U/msb/m/n --> U/txsyb/m/n on input line 101.
LaTeX Font Info:    Overwriting symbol font `AMSb' in version `bold'
(Font)                  U/txsyb/m/n --> U/txsyb/bx/n on input line 102.
LaTeX Font Info:    Redeclaring math alphabet \mathbb on input line 105.
\symsymbolsC=\mathgroup8
LaTeX Font Info:    Overwriting symbol font `symbolsC' in version `bold'
(Font)                  U/txsyc/m/n --> U/txsyc/bx/n on input line 112.
LaTeX Font Info:    Redeclaring symbol font `largesymbols' on input line 119.
LaTeX Font Info:    Overwriting symbol font `largesymbols' in version `normal'
(Font)                  OMX/cmex/m/n --> OMX/txex/m/n on input line 119.
LaTeX Font Info:    Overwriting symbol font `largesymbols' in version `bold'
(Font)                  OMX/cmex/m/n --> OMX/txex/m/n on input line 119.
LaTeX Font Info:    Overwriting symbol font `largesymbols' in version `bold'
(Font)                  OMX/txex/m/n --> OMX/txex/bx/n on input line 120.
\symlargesymbolsA=\mathgroup9
LaTeX Font Info:    Overwriting symbol font `largesymbolsA' in version `bold'
(Font)                  U/txexa/m/n --> U/txexa/bx/n on input line 128.
LaTeX Info: Redefining \not on input line 1042.
)
(/usr/share/texmf-tetex/tex/latex/psnfss/times.sty
Package: times 2004/09/15 PSNFSS-v9.2 (SPQR) 
)
\@indexfile=\write5
\openout5 = `freefem++doc.idx'.


Writing index file freefem++doc.idx
(./freefem++doc.aux

LaTeX Warning: Label `fig:rhoP2' multiply defined.

(./docFFGUI.aux) (./addfe.aux))
\openout1 = `freefem++doc.aux'.

LaTeX Font Info:    Checking defaults for OML/txmi/m/it on input line 37.
LaTeX Font Info:    Try loading font information for OML+txmi on input line 37.


(/usr/share/texmf-tetex/tex/latex/txfonts/omltxmi.fd
File: omltxmi.fd 2000/12/15 v3.1
)
LaTeX Font Info:    ... okay on input line 37.
LaTeX Font Info:    Checking defaults for T1/cmr/m/n on input line 37.
LaTeX Font Info:    ... okay on input line 37.
LaTeX Font Info:    Checking defaults for OT1/cmr/m/n on input line 37.
LaTeX Font Info:    ... okay on input line 37.
LaTeX Font Info:    Checking defaults for OMS/txsy/m/n on input line 37.
LaTeX Font Info:    Try loading font information for OMS+txsy on input line 37.


(/usr/share/texmf-tetex/tex/latex/txfonts/omstxsy.fd
File: omstxsy.fd 2000/12/15 v3.1
)
LaTeX Font Info:    ... okay on input line 37.
LaTeX Font Info:    Checking defaults for OMX/txex/m/n on input line 37.
LaTeX Font Info:    Try loading font information for OMX+txex on input line 37.


(/usr/share/texmf-tetex/tex/latex/txfonts/omxtxex.fd
File: omxtxex.fd 2000/12/15 v3.1
)
LaTeX Font Info:    ... okay on input line 37.
LaTeX Font Info:    Checking defaults for U/txexa/m/n on input line 37.
LaTeX Font Info:    Try loading font information for U+txexa on input line 37.

(/usr/share/texmf-tetex/tex/latex/txfonts/utxexa.fd
File: utxexa.fd 2000/12/15 v3.1
)
LaTeX Font Info:    ... okay on input line 37.
LaTeX Font Info:    Checking defaults for PD1/pdf/m/n on input line 37.
LaTeX Font Info:    ... okay on input line 37.
LaTeX Font Info:    Checking defaults for TS1/cmr/m/n on input line 37.
LaTeX Font Info:    Try loading font information for TS1+cmr on input line 37.

(/usr/share/texmf-tetex/tex/latex/base/ts1cmr.fd
File: ts1cmr.fd 1999/05/25 v2.5h Standard LaTeX font definitions
)
LaTeX Font Info:    ... okay on input line 37.
LaTeX Font Info:    Try loading font information for OT1+ptm on input line 37.

(/usr/share/texmf-tetex/tex/latex/psnfss/ot1ptm.fd
File: ot1ptm.fd 2001/06/04 font definitions for OT1/ptm.
)
**** pdfsync.sty: Synchronization is enabled.
\openout3 = `freefem++doc.pdfsync'.

**** pdfsync.sty: Synchronizing par
**** pdfsync.sty: Synchronizing math
**** pdfsync.sty: Synchronizing hbox
**** pdfsync.sty: Synchronizing extra

(/usr/share/texmf-tetex/tex/context/base/supp-pdf.tex
(/usr/share/texmf-tetex/tex/context/base/supp-mis.tex
loading : Context Support Macros / Miscellaneous (2004.10.26)
\protectiondepth=\count125
\scratchcounter=\count126
\scratchtoks=\toks25
\scratchdimen=\dimen127
\scratchskip=\skip50
\scratchmuskip=\muskip12
\scratchbox=\box54
\scratchread=\read2
\scratchwrite=\write6
\zeropoint=\dimen128
\onepoint=\dimen129
\onebasepoint=\dimen130
\minusone=\count127
\thousandpoint=\dimen131
\onerealpoint=\dimen132
\emptytoks=\toks26
\nextbox=\box55
\nextdepth=\dimen133
\everyline=\toks27
\!!counta=\count128
\!!countb=\count129
\recursecounter=\count130
)
loading : Context Support Macros / PDF (2004.03.26)
\nofMPsegments=\count131
\nofMParguments=\count132
\MPscratchCnt=\count133
\MPscratchDim=\dimen134
\MPnumerator=\count134
\everyMPtoPDFconversion=\toks28
)
Package hyperref Info: Link coloring OFF on input line 37.
 (/usr/share/texmf-tetex/tex/latex/hyperref/nameref.sty
Package: nameref 2003/12/03 v2.21 Cross-referencing by name of section
\c@section@level=\count135
)
LaTeX Info: Redefining \ref on input line 37.
LaTeX Info: Redefining \pageref on input line 37.
 (./freefem++doc.out)
(./freefem++doc.out)
\openout4 = `freefem++doc.out'.

\symgns@font=\mathgroup10
LaTeX Font Info:    Overwriting symbol font `gns@font' in version `bold'
(Font)                  TS1/ptm/m/n --> TS1/ptm/b/n on input line 37.
Package gensymb Info: Math companion symbols declared on input line 37.
LaTeX Info: Redefining \degree on input line 37.
LaTeX Info: Redefining \celsius on input line 37.
Package gensymb Info: Using text companion symbols for \degree, \celsius and \p
erthousand on input line 37.
LaTeX Info: Redefining \ohm on input line 37.
Package gensymb Info: Using \textohm for \ohm on input line 37.
Package gensymb Info: Using \textmu for \micro on input line 37.
 <plots/titre-ff.pdf, id=587, 226.8475pt x 146.5475pt>
File: plots/titre-ff.pdf Graphic file (type pdf)

<use plots/titre-ff.pdf>
LaTeX Font Info:    Try loading font information for OT1+txr on input line 51.
 (/usr/share/texmf-tetex/tex/latex/txfonts/ot1txr.fd
File: ot1txr.fd 2000/12/15 v3.1
)
LaTeX Font Info:    Try loading font information for U+txsya on input line 51.

(/usr/share/texmf-tetex/tex/latex/txfonts/utxsya.fd
File: utxsya.fd 2000/12/15 v3.1
)
LaTeX Font Info:    Try loading font information for U+txsyb on input line 51.

(/usr/share/texmf-tetex/tex/latex/txfonts/utxsyb.fd
File: utxsyb.fd 2000/12/15 v3.1
)
LaTeX Font Info:    Try loading font information for U+txmia on input line 51.

(/usr/share/texmf-tetex/tex/latex/txfonts/utxmia.fd
File: utxmia.fd 2000/12/15 v3.1
)
LaTeX Font Info:    Try loading font information for U+txsyc on input line 51.

(/usr/share/texmf-tetex/tex/latex/txfonts/utxsyc.fd
File: utxsyc.fd 2000/12/15 v3.1
)
LaTeX Font Info:    Try loading font information for TS1+ptm on input line 51.

(/usr/share/texmf-tetex/tex/latex/psnfss/ts1ptm.fd
File: ts1ptm.fd 2001/06/04 font definitions for TS1/ptm.
)
<plots/ffauteurs4.pdf, id=588, 436.63126pt x 112.42pt>
File: plots/ffauteurs4.pdf Graphic file (type pdf)

<use plots/ffauteurs4.pdf> <cpfigs/csSnap.pdf, id=589, 1027.84pt x 750.805pt>
File: cpfigs/csSnap.pdf Graphic file (type pdf)

<use cpfigs/csSnap.pdf>
Overfull \vbox (153.26314pt too high) detected at line 62
 []


Underfull \hbox (badness 10000) has occurred while \output is active
[][]
 []

[1

{/var/lib/texmf/fonts/map/pdftex/updmap/pdftex.map} <./plots/titre-ff.pdf> <./p
lots/ffauteurs4.pdf> <./cpfigs/csSnap.pdf>]
Underfull \hbox (badness 10000) has occurred while \output is active
[][]
 []

[2


] <plots/LogoLJLL.pdf, id=631, 569.12625pt x 654.445pt>
File: plots/LogoLJLL.pdf Graphic file (type pdf)

<use plots/LogoLJLL.pdf> <plots/LogoUPMC.pdf, id=632, 614.295pt x 227.85126pt>
File: plots/LogoUPMC.pdf Graphic file (type pdf)

<use plots/LogoUPMC.pdf> <plots/LogoCNRS.pdf, id=633, 349.305pt x 161.60374pt>
File: plots/LogoCNRS.pdf Graphic file (type pdf)

<use plots/LogoCNRS.pdf>
Underfull \hbox (badness 10000) has occurred while \output is active
[][]
 []

[3 <./plots/LogoLJLL.pdf> <./plots/LogoUPMC.pdf> <./plots/LogoCNRS.pdf>]
Underfull \hbox (badness 10000) has occurred while \output is active
[][]
 []

[4

] (./freefem++doc.toc
! pdfTeX warning (ext4): destination with the same identifier (name{page.1}) ha
s been already used, duplicate ignored
<to be read again> 
                   \penalty 
l.69 ...nctions of Two Variables}{56}{section.4.7}
                                                   [1

]
! pdfTeX warning (ext4): destination with the same identifier (name{page.2}) ha
s been already used, duplicate ignored
<to be read again> 
                   \penalty 
l.113 ...{7.2}link with gnuplot}{115}{section.7.2}
                                                  
Underfull \hbox (badness 10000) has occurred while \output is active
[][]
 []

[2]
! pdfTeX warning (ext4): destination with the same identifier (name{page.3}) ha
s been already used, duplicate ignored
<to be read again> 
                   \penalty 
l.154 ...mberline {12}Mesh Files}{189}{chapter.12}
                                                  
Underfull \hbox (badness 10000) has occurred while \output is active
[][]
 []

[3])
\tf@toc=\write7
\openout7 = `freefem++doc.toc'.


! pdfTeX warning (ext4): destination with the same identifier (name{page.4}) ha
s been already used, duplicate ignored
<to be read again> 
                   \penalty 
l.146 \section
              *{Preface}
Underfull \hbox (badness 10000) has occurred while \output is active
[][]
 []

[4] <plots/sanskrit.pdf, id=851, 845.1575pt x 597.23125pt>
File: plots/sanskrit.pdf Graphic file (type pdf)

<use plots/sanskrit.pdf> [5

 <./plots/sanskrit.pdf>]
Underfull \hbox (badness 10000) has occurred while \output is active
[][]
 []

[6

]
Chapter 1.

Underfull \hbox (badness 10000) in paragraph at lines 160--181

 []

! pdfTeX warning (ext4): destination with the same identifier (name{page.1}) ha
s been already used, duplicate ignored
<to be read again> 
                   \penalty 
l.205 \item H
             igh level user friendly typed input language with an algebra
[1]
Overfull \hbox (0.28775pt too wide) in paragraph at lines 212--216
\OT1/ptm/m/n/12 con-tin-u-ous P1 and Raviart-Thomas el-e-ments, el-e-ments of a
 non-scalar type, mini-element,...
 []


Overfull \hbox (6.43141pt too wide) in paragraph at lines 229--234
\OT1/ptm/m/n/12 flows, elas-tic-ity, Fluid struc-ture in-ter-ac-tions, Schwarz'
s do-main de-com-po-si-tion method, eigen-
 []

! pdfTeX warning (ext4): destination with the same identifier (name{page.2}) ha
s been already used, duplicate ignored
<to be read again> 
                   \penalty 
l.272 \begin{center}
                    
Underfull \hbox (badness 10000) has occurred while \output is active
[][]
 []

[2]
! pdfTeX warning (ext4): destination with the same identifier (name{page.3}) ha
s been already used, duplicate ignored
<to be read again> 
                   \penalty 
l.333    \item \texttt
                      {FreeFem++ (VERSION) Examples} a link to the\freefempp...

Underfull \hbox (badness 10000) has occurred while \output is active
[][]
 []

[3]
! pdfTeX warning (ext4): destination with the same identifier (name{page.4}) ha
s been already used, duplicate ignored
<to be read again> 
                   \penalty 
l.386 \item s
             elect Main file with further option
Underfull \hbox (badness 10000) has occurred while \output is active
[][]
 []

[4] <cpfigs/crimpson.pdf, id=907, 711.65875pt x 701.62125pt>
File: cpfigs/crimpson.pdf Graphic file (type pdf)

<use cpfigs/crimpson.pdf>
<cpfigs/csSnapOld.pdf, id=908, 607.26875pt x 472.76625pt>
File: cpfigs/csSnapOld.pdf Graphic file (type pdf)

<use cpfigs/csSnapOld.pdf>
LaTeX Font Info:    Try loading font information for OT1+txtt on input line 451
.
 (/usr/share/texmf-tetex/tex/latex/txfonts/ot1txtt.fd
File: ot1txtt.fd 2000/12/15 v3.1
) <figures/mi.jpg, id=909, 808.01875pt x 820.06375pt>
File: figures/mi.jpg Graphic file (type jpg)
 <use figures/mi.jpg>
Overfull \hbox (2.59511pt too wide) in paragraph at lines 458--468
\OT1/ptm/m/n/12 un-zip the file and put crated Folder in the Folder openned wit
h the \OT1/pcr/m/n/12 mi.app \OT1/ptm/m/n/12 menu \OT1/pcr/m/n/12 Option->Open
 []

! pdfTeX warning (ext4): destination with the same identifier (name{page.5}) ha
s been already used, duplicate ignored
<to be read again> 
                   \penalty 
l.468 \paragraph
                {Under terminal}
Underfull \hbox (badness 10000) has occurred while \output is active
[][]
 []

[5]
! pdfTeX warning (ext4): destination with the same identifier (name{page.6}) ha
s been already used, duplicate ignored
<to be read again> 
                   \penalty 
l.468 \paragraph
                {Under terminal}
Underfull \hbox (badness 10000) has occurred while \output is active
[][]
 []

[6 <./cpfigs/crimpson.pdf>]
Underfull \hbox (badness 10000) has occurred while \output is active
[][]
 []

[7 <./cpfigs/csSnapOld.pdf>]
Underfull \hbox (badness 10000) has occurred while \output is active
[][]
 []

[8 <./figures/mi.jpg>]
Underfull \hbox (badness 10000) in paragraph at lines 527--554

 []


Underfull \hbox (badness 10000) has occurred while \output is active
[][]
 []

[9]
Underfull \hbox (badness 10000) has occurred while \output is active
[][]
 []

[10]
Chapter 2.
<cpfigs/firstTh.pdf, id=966, 342.27875pt x 329.23pt>
File: cpfigs/firstTh.pdf Graphic file (type pdf)
 <use cpfigs/firstTh.pdf>
<cpfigs/firstU.pdf, id=968, 342.27875pt x 329.23pt>
File: cpfigs/firstU.pdf Graphic file (type pdf)
 <use cpfigs/firstU.pdf>
LaTeX Font Info:    Font shape `OT1/pcr/m/it' in size <10> not available
(Font)              Font shape `OT1/pcr/m/sl' tried instead on input line 606.

[11

 <./cpfigs/firstTh.pdf> <./cpfigs/firstU.pdf>]

Package hyperref Warning: Difference (2) between bookmark levels is greater 
(hyperref)                than one, level fixed on input line 641.


Underfull \hbox (badness 10000) has occurred while \output is active
[][]
 []

[12] <cpfigs/secondT.pdf, id=1003, 288.07625pt x 305.14pt>
File: cpfigs/secondT.pdf Graphic file (type pdf)

<use cpfigs/secondT.pdf> <cpfigs/hat.pdf, id=1004, 497.86pt x 224.84pt>
File: cpfigs/hat.pdf Graphic file (type pdf)

<use cpfigs/hat.pdf>
Overfull \hbox (5.98267pt too wide) in paragraph at lines 725--734
[]$[][][]$   $[][][]$ 
 []


Underfull \hbox (badness 10000) has occurred while \output is active
[][]
 []

[13]
Underfull \hbox (badness 10000) has occurred while \output is active
[][]
 []

[14 <./cpfigs/secondT.pdf> <./cpfigs/hat.pdf>]
Underfull \hbox (badness 10000) in paragraph at lines 803--809

 []


Underfull \hbox (badness 10000) in paragraph at lines 816--817

 []


Underfull \hbox (badness 10000) has occurred while \output is active
[][]
 []

[15]
LaTeX Font Info:    Font shape `OT1/pcr/m/it' in size <12> not available
(Font)              Font shape `OT1/pcr/m/sl' tried instead on input line 869.

Underfull \hbox (badness 10000) has occurred while \output is active
[][]
 []

[16]
Underfull \hbox (badness 10000) has occurred while \output is active
[][]
 []

[17]
Underfull \hbox (badness 10000) has occurred while \output is active
[][]
 []

[18]
Chapter 3.

Underfull \hbox (badness 10000) in paragraph at lines 1014--1015

 []


Package amsmath Warning: Foreign command \over;
(amsmath)                \frac or \genfrac should be used instead
(amsmath)                 on input line 1041.

[19

] <cpfigs/membraneTh.pdf, id=1079, 469.755pt x 460.72125pt>
File: cpfigs/membraneTh.pdf Graphic file (type pdf)

<use cpfigs/membraneTh.pdf>
<cpfigs/membrane.pdf, id=1080, 469.755pt x 460.72125pt>
File: cpfigs/membrane.pdf Graphic file (type pdf)

<use cpfigs/membrane.pdf>
<cpfigs/gnumembrane.pdf, id=1081, 361.35pt x 252.945pt>
File: cpfigs/gnumembrane.pdf Graphic file (type pdf)

<use cpfigs/gnumembrane.pdf>
Underfull \hbox (badness 10000) has occurred while \output is active
[][]
 []

[20]
Underfull \hbox (badness 10000) has occurred while \output is active
[][]
 []

[21 <./cpfigs/membraneTh.pdf> <./cpfigs/membrane.pdf> <./cpfigs/gnumembrane.pdf
>]
Underfull \hbox (badness 10000) has occurred while \output is active
[][]
 []

[22]
Underfull \hbox (badness 10000) has occurred while \output is active
[][]
 []

[23]
Underfull \hbox (badness 10000) in paragraph at lines 1256--1258

 []


Underfull \hbox (badness 10000) in paragraph at lines 1261--1266

 []


Underfull \hbox (badness 10000) has occurred while \output is active
[][]
 []

[24] <cpfigs/heatexTh.pdf, id=1126, 423.5825pt x 423.5825pt>
File: cpfigs/heatexTh.pdf Graphic file (type pdf)

<use cpfigs/heatexTh.pdf>
<cpfigs/heatex.pdf, id=1127, 421.575pt x 434.62375pt>
File: cpfigs/heatex.pdf Graphic file (type pdf)
 <use cpfigs/heatex.pdf>
Underfull \hbox (badness 10000) has occurred while \output is active
[][]
 []

[25 <./cpfigs/heatexTh.pdf> <./cpfigs/heatex.pdf>]
Underfull \hbox (badness 10000) has occurred while \output is active
[][]
 []

[26] <cpfigs/sound0.pdf, id=1149, 469.755pt x 460.72125pt>
File: cpfigs/sound0.pdf Graphic file (type pdf)

<use cpfigs/sound0.pdf> <cpfigs/eigen.pdf, id=1150, 469.755pt x 460.72125pt>
File: cpfigs/eigen.pdf Graphic file (type pdf)

<use cpfigs/eigen.pdf>
Underfull \hbox (badness 10000) has occurred while \output is active
[][]
 []

[27 <./cpfigs/sound0.pdf> <./cpfigs/eigen.pdf>]
Overfull \hbox (6.6373pt too wide) in paragraph at lines 1516--1519
[]\OT1/ptm/m/n/12 Notice also that the way we store the tem-per-a-ture at point
 (3,0.5) for all times in file \OT1/pcr/m/n/12 thermic.dat\OT1/ptm/m/n/12 .
 []


Underfull \hbox (badness 10000) has occurred while \output is active
[][]
 []

[28] <cpfigs/thermic.pdf, id=1171, 469.755pt x 460.72125pt>
File: cpfigs/thermic.pdf Graphic file (type pdf)

<use cpfigs/thermic.pdf>
<cpfigs/thermicvst.pdf, id=1172, 361.35pt x 252.945pt>
File: cpfigs/thermicvst.pdf Graphic file (type pdf)

<use cpfigs/thermicvst.pdf>
Underfull \hbox (badness 10000) has occurred while \output is active
[][]
 []

[29 <./cpfigs/thermic.pdf> <./cpfigs/thermicvst.pdf>]
Underfull \hbox (badness 10000) has occurred while \output is active
[][]
 []

[30]
Underfull \hbox (badness 10000) in paragraph at lines 1628--1632

 []

<cpfigs/potential.pdf, id=1192, 469.755pt x 460.72125pt>
File: cpfigs/potential.pdf Graphic file (type pdf)

<use cpfigs/potential.pdf>
<cpfigs/potheat.pdf, id=1193, 469.755pt x 460.72125pt>
File: cpfigs/potheat.pdf Graphic file (type pdf)

<use cpfigs/potheat.pdf>
Underfull \hbox (badness 10000) has occurred while \output is active
[][]
 []

[31]
Underfull \hbox (badness 10000) has occurred while \output is active
[][]
 []

[32 <./cpfigs/potential.pdf> <./cpfigs/potheat.pdf>]
Overfull \hbox (5.3044pt too wide) in paragraph at lines 1716--1718
[]\OT1/ptm/m/n/12 how steel and air are iden-ti-fied by the mesh pa-ram-e-ter r
e-gion which is de-fined when buildmesh
 []


Underfull \hbox (badness 10000) has occurred while \output is active
[][]
 []

[33]
Underfull \hbox (badness 10000) has occurred while \output is active
[][]
 []

[34] <cpfigs/convectCG.pdf, id=1232, 469.755pt x 460.72125pt>
File: cpfigs/convectCG.pdf Graphic file (type pdf)

<use cpfigs/convectCG.pdf>
<cpfigs/convectDG.pdf, id=1233, 469.755pt x 460.72125pt>
File: cpfigs/convectDG.pdf Graphic file (type pdf)

<use cpfigs/convectDG.pdf>
Underfull \hbox (badness 10000) has occurred while \output is active
[][]
 []

[35 <./cpfigs/convectCG.pdf> <./cpfigs/convectDG.pdf>]
Underfull \hbox (badness 10000) has occurred while \output is active
[][]
 []

[36]
Underfull \hbox (badness 10000) has occurred while \output is active
[][]
 []

[37] <cpfigs/NSprojTh.pdf, id=1261, 421.575pt x 36.135pt>
File: cpfigs/NSprojTh.pdf Graphic file (type pdf)

<use cpfigs/NSprojTh.pdf> <cpfigs/NSprojP.pdf, id=1262, 421.575pt x 34.1275pt>
File: cpfigs/NSprojP.pdf Graphic file (type pdf)

<use cpfigs/NSprojP.pdf> <cpfigs/NSprojU.pdf, id=1263, 421.575pt x 34.1275pt>
File: cpfigs/NSprojU.pdf Graphic file (type pdf)

<use cpfigs/NSprojU.pdf>
Underfull \hbox (badness 10000) has occurred while \output is active
[][]
 []

[38 <./cpfigs/NSprojTh.pdf> <./cpfigs/NSprojP.pdf> <./cpfigs/NSprojU.pdf>]
Underfull \hbox (badness 10000) in paragraph at lines 2062--2066

 []


Underfull \hbox (badness 10000) in paragraph at lines 2068--2071

 []


Underfull \hbox (badness 10000) has occurred while \output is active
[][]
 []

[39] <cpfigs/lamevect.pdf, id=1291, 429.605pt x 67.25125pt>
File: cpfigs/lamevect.pdf Graphic file (type pdf)

<use cpfigs/lamevect.pdf>
<cpfigs/lamedeform.pdf, id=1292, 423.5825pt x 76.285pt>
File: cpfigs/lamedeform.pdf Graphic file (type pdf)

<use cpfigs/lamedeform.pdf>
Underfull \hbox (badness 10000) has occurred while \output is active
[][]
 []

[40 <./cpfigs/lamevect.pdf> <./cpfigs/lamedeform.pdf>]
<cpfigs/stokes.pdf, id=1307, 444.66125pt x 422.57875pt>
File: cpfigs/stokes.pdf Graphic file (type pdf)

<use cpfigs/stokes.pdf>
Underfull \hbox (badness 10000) has occurred while \output is active
[][]
 []

[41 <./cpfigs/stokes.pdf>]
<cpfigs/rmuonde.pdf, id=1320, 421.575pt x 421.575pt>
File: cpfigs/rmuonde.pdf Graphic file (type pdf)
 <use cpfigs/rmuonde.pdf>
<cpfigs/imuonde.pdf, id=1321, 421.575pt x 421.575pt>
File: cpfigs/imuonde.pdf Graphic file (type pdf)
 <use cpfigs/imuonde.pdf>
<cpfigs/tempmuonde.pdf, id=1322, 421.575pt x 421.575pt>
File: cpfigs/tempmuonde.pdf Graphic file (type pdf)

<use cpfigs/tempmuonde.pdf>
Underfull \hbox (badness 10000) has occurred while \output is active
[][]
 []

[42 <./cpfigs/rmuonde.pdf> <./cpfigs/imuonde.pdf> <./cpfigs/tempmuonde.pdf>]
Underfull \hbox (badness 10000) has occurred while \output is active
[][]
 []

[43] <cpfigs/u-bfgs.pdf, id=1343, 342.27875pt x 333.245pt>
File: cpfigs/u-bfgs.pdf Graphic file (type pdf)

<use cpfigs/u-bfgs.pdf> <cpfigs/J-bfgs.pdf, id=1344, 361.35pt x 252.945pt>
File: cpfigs/J-bfgs.pdf Graphic file (type pdf)

<use cpfigs/J-bfgs.pdf>
Underfull \hbox (badness 10000) has occurred while \output is active
[][]
 []

[44]
Underfull \hbox (badness 10000) has occurred while \output is active
[][]
 []

[45 <./cpfigs/u-bfgs.pdf> <./cpfigs/J-bfgs.pdf>]
Underfull \hbox (badness 10000) has occurred while \output is active
[][]
 []

[46]
Underfull \hbox (badness 10000) has occurred while \output is active
[][]
 []

[47]
Underfull \hbox (badness 10000) has occurred while \output is active
[][]
 []

[48

]
Chapter 4.
[49]
Underfull \hbox (badness 10000) has occurred while \output is active
[][]
 []

[50]
Underfull \hbox (badness 10000) in paragraph at lines 2685--2686

 []


Underfull \hbox (badness 10000) has occurred while \output is active
[][]
 []

[51]
Underfull \hbox (badness 10000) has occurred while \output is active
[][]
 []

[52]
Overfull \hbox (10.52954pt too wide) in paragraph at lines 2760--2760
[][]\OT1/pcr/b/n/10 c[][]o[][]u[][]t[] \OT1/pcr/m/n/10 <<"max and min of "<<a<<
" and "<<b<<" is "<<[]\OT1/pcr/b/n/10 m[][]a[][]x[]\OT1/pcr/m/n/10 (a,b)<<","<<
[]\OT1/pcr/b/n/10 m[][]i[][]n[]\OT1/pcr/m/n/10 (a,b)<< []\OT1/pcr/b/n/10 e[][]n
[][]d[][]l[]\OT1/pcr/m/n/10 ;[] 
 []


Overfull \hbox (4.52954pt too wide) in paragraph at lines 2796--2796
[][]\OT1/pcr/b/n/10 c[][]o[][]u[][]t[] \OT1/pcr/m/n/10 <<a<<" plus -"<<b<<" nee
d bracket :"<<a<<"+(-"<<b<<")="<<a + (-b) << []\OT1/pcr/b/n/10 e[][]n[][]d[][]l
[]\OT1/pcr/m/n/10 ;[] 
 []


Underfull \hbox (badness 10000) has occurred while \output is active
[][]
 []

[53]
Overfull \hbox (10.52954pt too wide) in paragraph at lines 2872--2872
[]\OT1/pcr/m/n/10 Plus, minus of (2.45+5.33i) and (2.45+1.41421i) are (4.9+6.74
421i), (0+3.91579i)[] 
 []


Underfull \hbox (badness 10000) has occurred while \output is active
[][]
 []

[54]
Underfull \hbox (badness 10000) has occurred while \output is active
[][]
 []

[55]
Overfull \hbox (42.22282pt too wide) in paragraph at lines 2948--2952
[]\OT1/ptm/m/n/12 from Mersenne Twister (see page []$[][]\OT1/pcr/m/n/12 http :
 / / www . math . sci . hiroshima-[]u .
 []


Underfull \hbox (badness 10000) has occurred while \output is active
[][]
 []

[56] <cpfigs/cfunc1.pdf, id=1426, 246.9225pt x 182.6825pt>
File: cpfigs/cfunc1.pdf Graphic file (type pdf)

<use cpfigs/cfunc1.pdf> <cpfigs/cfunc2.pdf, id=1428, 246.9225pt x 182.6825pt>
File: cpfigs/cfunc2.pdf Graphic file (type pdf)

<use cpfigs/cfunc2.pdf>
Underfull \hbox (badness 10000) has occurred while \output is active
[][]
 []

[57]
Underfull \hbox (badness 10000) has occurred while \output is active
[][]
 []

[58 <./cpfigs/cfunc1.pdf> <./cpfigs/cfunc2.pdf>]
Underfull \hbox (badness 10000) has occurred while \output is active
[][]
 []

[59]
Underfull \hbox (badness 10000) has occurred while \output is active
[][]
 []

[60]
Underfull \hbox (badness 10000) has occurred while \output is active
[][]
 []

[61]
Underfull \hbox (badness 10000) has occurred while \output is active
[][]
 []

[62]
Underfull \hbox (badness 10000) has occurred while \output is active
[][]
 []

[63]
Underfull \hbox (badness 10000) has occurred while \output is active
[][]
 []

[64]
Underfull \hbox (badness 10000) has occurred while \output is active
[][]
 []

[65]
Overfull \hbox (1.49109pt too wide) in paragraph at lines 3558--3562
[]\OT1/ptm/m/n/12 To write to (resp. read from) a file, [][][] [][][][][][][][]
[] de-clare a new vari-able \OT1/pcr/m/n/12 ofstream ofile("filename");
 []


Overfull \hbox (14.99306pt too wide) in paragraph at lines 3558--3562
\OT1/ptm/m/n/12 or \OT1/pcr/m/n/12 ofstream ofile("filename",append); \OT1/ptm/
m/n/12 (resp. \OT1/pcr/m/n/12 ifstream ifile("filename");
 []


Underfull \hbox (badness 10000) has occurred while \output is active
[][]
 []

[66]
Underfull \hbox (badness 10000) has occurred while \output is active
[][]
 []

[67]
Underfull \hbox (badness 10000) has occurred while \output is active
[][]
 []

[68]
Chapter 5.
<cpfigs/square.pdf, id=1507, 251.94125pt x 211.79124pt>
File: cpfigs/square.pdf Graphic file (type pdf)

<use cpfigs/square.pdf> [69

 <./cpfigs/square.pdf>]
<cpfigs/border.pdf, id=1524, 563.10374pt x 170.6375pt>
File: cpfigs/border.pdf Graphic file (type pdf)
 <use cpfigs/border.pdf>
<cpfigs/Thwithouthole.pdf, id=1525, 345.29pt x 345.29pt>
File: cpfigs/Thwithouthole.pdf Graphic file (type pdf)

<use cpfigs/Thwithouthole.pdf>
<cpfigs/Thwithhole.pdf, id=1527, 345.29pt x 345.29pt>
File: cpfigs/Thwithhole.pdf Graphic file (type pdf)

<use cpfigs/Thwithhole.pdf>
Underfull \hbox (badness 10000) has occurred while \output is active
[][]
 []

[70 <./cpfigs/border.pdf>]
<cpfigs/mesh_sample.pdf, id=1563, 322.20375pt x 300.12125pt>
File: cpfigs/mesh_sample.pdf Graphic file (type pdf)

<use cpfigs/mesh_sample.pdf>
Underfull \hbox (badness 10000) in paragraph at lines 3833--3844

 []


Underfull \hbox (badness 10000) in paragraph at lines 3833--3844

 []


Underfull \hbox (badness 10000) in paragraph at lines 3833--3844

 []


Underfull \hbox (badness 10000) in paragraph at lines 3833--3844

 []


Underfull \hbox (badness 10000) in paragraph at lines 3833--3844

 []


Overfull \hbox (5.98268pt too wide) in paragraph at lines 3826--3845
[]$[][][]$   $[][][]$ 
 []


Underfull \hbox (badness 10000) has occurred while \output is active
[][]
 []

[71 <./cpfigs/Thwithouthole.pdf> <./cpfigs/Thwithhole.pdf>]
Underfull \hbox (badness 10000) has occurred while \output is active
[][]
 []

[72 <./cpfigs/mesh_sample.pdf>]
Underfull \hbox (badness 10000) has occurred while \output is active
[][]
 []

[73]
Underfull \hbox (badness 10000) has occurred while \output is active
[][]
 []

[74] <cpfigs/Thxy.pdf, id=1605, 342.27875pt x 329.23pt>
File: cpfigs/Thxy.pdf Graphic file (type pdf)
 <use cpfigs/Thxy.pdf>
<cpfigs/xyf.pdf, id=1607, 388.45125pt x 388.45125pt>
File: cpfigs/xyf.pdf Graphic file (type pdf)
 <use cpfigs/xyf.pdf>
Underfull \hbox (badness 10000) has occurred while \output is active
[][]
 []

[75 <./cpfigs/Thxy.pdf> <./cpfigs/xyf.pdf>]
Underfull \hbox (badness 10000) has occurred while \output is active
[][]
 []

[76] <cpfigs/emptymesh-1.pdf, id=1632, 501.875pt x 301.125pt>
File: cpfigs/emptymesh-1.pdf Graphic file (type pdf)

<use cpfigs/emptymesh-1.pdf>
Overfull \hbox (54.80489pt too wide) in paragraph at lines 4128--4128
 [] 
 []

<cpfigs/emptymesh-2.pdf, id=1634, 501.875pt x 301.125pt>
File: cpfigs/emptymesh-2.pdf Graphic file (type pdf)

<use cpfigs/emptymesh-2.pdf>
Overfull \hbox (54.80489pt too wide) in paragraph at lines 4128--4128
 [] 
 []


Underfull \hbox (badness 10000) has occurred while \output is active
[][]
 []

[77 <./cpfigs/emptymesh-1.pdf> <./cpfigs/emptymesh-2.pdf>]
<cpfigs/lshape.pdf, id=1654, 345.29pt x 345.29pt>
File: cpfigs/lshape.pdf Graphic file (type pdf)
 <use cpfigs/lshape.pdf>
<cpfigs/movemesh.pdf, id=1656, 345.29pt x 345.29pt>
File: cpfigs/movemesh.pdf Graphic file (type pdf)
 <use cpfigs/movemesh.pdf>
Underfull \hbox (badness 10000) has occurred while \output is active
[][]
 []

[78 <./cpfigs/lshape.pdf> <./cpfigs/movemesh.pdf>]

Package hyperref Warning: Token not allowed in a PDFDocEncoded string,
(hyperref)                removing `\<def>-command' on input line 4224.


Package hyperref Warning: Token not allowed in a PDFDocEncoded string,
(hyperref)                removing `\f@encoding' on input line 4224.


Package hyperref Warning: Token not allowed in a PDFDocEncoded string,
(hyperref)                removing `\<let>-command' on input line 4224.


Package hyperref Warning: Token not allowed in a PDFDocEncoded string,
(hyperref)                removing `\<def>-command' on input line 4224.


Package hyperref Warning: Token not allowed in a PDFDocEncoded string,
(hyperref)                removing `\f@family' on input line 4224.


Package hyperref Warning: Token not allowed in a PDFDocEncoded string,
(hyperref)                removing `\<def>-command' on input line 4224.


Package hyperref Warning: Token not allowed in a PDFDocEncoded string,
(hyperref)                removing `\f@series' on input line 4224.


Package hyperref Warning: Token not allowed in a PDFDocEncoded string,
(hyperref)                removing `\<def>-command' on input line 4224.


Package hyperref Warning: Token not allowed in a PDFDocEncoded string,
(hyperref)                removing `\f@shape' on input line 4224.


Package hyperref Warning: Token not allowed in a PDFDocEncoded string,
(hyperref)                removing `\<def>-command' on input line 4224.


Package hyperref Warning: Token not allowed in a PDFDocEncoded string,
(hyperref)                removing `\font@name' on input line 4224.


Package hyperref Warning: Token not allowed in a PDFDocEncoded string,
(hyperref)                removing `\OT1/pcr/m/n/17.28' on input line 4224.


Package hyperref Warning: Token not allowed in a PDFDocEncoded string,
(hyperref)                removing `\ignorespaces' on input line 4224.


Underfull \hbox (badness 10000) has occurred while \output is active
[][]
 []

[79] <cpfigs/adaptmesh.pdf, id=1682, 785.93625pt x 447.6725pt>
File: cpfigs/adaptmesh.pdf Graphic file (type pdf)

<use cpfigs/adaptmesh.pdf>
Overfull \hbox (30.06122pt too wide) in paragraph at lines 4282--4282
 [] 
 []

<cpfigs/L-shape2.pdf, id=1684, 227.85126pt x 230.8625pt>
File: cpfigs/L-shape2.pdf Graphic file (type pdf)

<use cpfigs/L-shape2.pdf>
<cpfigs/lshapeSol.pdf, id=1686, 342.27875pt x 329.23pt>
File: cpfigs/lshapeSol.pdf Graphic file (type pdf)

<use cpfigs/lshapeSol.pdf>
Underfull \hbox (badness 10000) has occurred while \output is active
[][]
 []

[80]
Underfull \hbox (badness 10000) has occurred while \output is active
[][]
 []

[81 <./cpfigs/adaptmesh.pdf>]
Underfull \hbox (badness 10000) has occurred while \output is active
[][]
 []

[82 <./cpfigs/L-shape2.pdf> <./cpfigs/lshapeSol.pdf>]
Overfull \hbox (1.91408pt too wide) in paragraph at lines 4456--4460
[]\OT1/ptm/m/n/12 For ex-am-ple, if the par-tial deriva-tives \OT1/pcr/m/n/12 f
xx \OT1/ptm/m/n/12 ($[][]\OT1/txr/m/n/12 = \OML/txmi/m/it/12 @[]f=@x[]$\OT1/ptm
/m/n/12 ), \OT1/pcr/m/n/12 fxx \OT1/ptm/m/n/12 ($[][]\OT1/txr/m/n/12 = \OML/txm
i/m/it/12 @[]f=@x@y$\OT1/ptm/m/n/12 ), \OT1/pcr/m/n/12 fyy \OT1/ptm/m/n/12 ($[]
[]\OT1/txr/m/n/12 = \OML/txmi/m/it/12 @[]f=@y[]$\OT1/ptm/m/n/12 )
 []


Underfull \hbox (badness 10000) has occurred while \output is active
[][]
 []

[83] <cpfigs/trunc0.pdf, id=1744, 345.29pt x 345.29pt>
File: cpfigs/trunc0.pdf Graphic file (type pdf)
 <use cpfigs/trunc0.pdf>
<cpfigs/trunc6.pdf, id=1746, 345.29pt x 345.29pt>
File: cpfigs/trunc6.pdf Graphic file (type pdf)
 <use cpfigs/trunc6.pdf>
Underfull \hbox (badness 10000) has occurred while \output is active
[][]
 []

[84 <./cpfigs/trunc0.pdf> <./cpfigs/trunc6.pdf>]
<cpfigs/nosplitmesh.pdf, id=1762, 388.45125pt x 388.45125pt>
File: cpfigs/nosplitmesh.pdf Graphic file (type pdf)

<use cpfigs/nosplitmesh.pdf>
<cpfigs/splitmesh.pdf, id=1764, 388.45125pt x 388.45125pt>
File: cpfigs/splitmesh.pdf Graphic file (type pdf)

<use cpfigs/splitmesh.pdf>
Underfull \hbox (badness 10000) in paragraph at lines 4545--4545
[]\OT1/ptm/m/n/12 Figure 5.18: [][] []all left mesh tri-
 []


Underfull \hbox (badness 10000) in paragraph at lines 4545--4545
\OT1/ptm/m/n/12 an-gle is split con-for-maly in
 []


Underfull \hbox (badness 10000) in paragraph at lines 4545--4545
\OT1/pcr/m/n/12 int(1+5*(square(x-0.5)+y*y)[]2
 []


Underfull \hbox (badness 10000) has occurred while \output is active
[][]
 []

[85 <./cpfigs/nosplitmesh.pdf> <./cpfigs/splitmesh.pdf>]
<cpfigs/TouchSide.pdf, id=1783, 238.8925pt x 196.735pt>
File: cpfigs/TouchSide.pdf Graphic file (type pdf)

<use cpfigs/TouchSide.pdf>
<cpfigs/NACA0012.pdf, id=1785, 246.9225pt x 182.6825pt>
File: cpfigs/NACA0012.pdf Graphic file (type pdf)

<use cpfigs/NACA0012.pdf>
<cpfigs/Cardioid.pdf, id=1787, 246.9225pt x 182.6825pt>
File: cpfigs/Cardioid.pdf Graphic file (type pdf)

<use cpfigs/Cardioid.pdf>
<cpfigs/Cassini.pdf, id=1789, 246.9225pt x 182.6825pt>
File: cpfigs/Cassini.pdf Graphic file (type pdf)

<use cpfigs/Cassini.pdf>
Underfull \hbox (badness 10000) has occurred while \output is active
[][]
 []

[86 <./cpfigs/TouchSide.pdf> <./cpfigs/NACA0012.pdf>]
Underfull \hbox (badness 10000) has occurred while \output is active
[][]
 []

[87 <./cpfigs/Cardioid.pdf> <./cpfigs/Cassini.pdf>]
<cpfigs/Bezier.pdf, id=1836, 202.7575pt x 116.435pt>
File: cpfigs/Bezier.pdf Graphic file (type pdf)
 <use cpfigs/Bezier.pdf>
Overfull \hbox (18.02457pt too wide) in paragraph at lines 4655--4656
 [] 
 []

<cpfigs/Engine.pdf, id=1838, 204.765pt x 64.24pt>
File: cpfigs/Engine.pdf Graphic file (type pdf)
 <use cpfigs/Engine.pdf>
Overfull \hbox (24.22696pt too wide) in paragraph at lines 4660--4661
 [][] 
 []

<cpfigs/U-shape.pdf, id=1840, 262.9825pt x 202.7575pt>
File: cpfigs/U-shape.pdf Graphic file (type pdf)

<use cpfigs/U-shape.pdf> <cpfigs/V-shape.pdf, id=1842, 182.6825pt x 168.63pt>
File: cpfigs/V-shape.pdf Graphic file (type pdf)

<use cpfigs/V-shape.pdf>
Underfull \hbox (badness 10000) has occurred while \output is active
[][]
 []

[88 <./cpfigs/Bezier.pdf> <./cpfigs/Engine.pdf>]
Underfull \hbox (badness 10000) has occurred while \output is active
[][]
 []

[89 <./cpfigs/U-shape.pdf> <./cpfigs/V-shape.pdf>]
<cpfigs/SmileFace.pdf, id=1900, 135.50626pt x 167.62625pt>
File: cpfigs/SmileFace.pdf Graphic file (type pdf)

<use cpfigs/SmileFace.pdf>
<cpfigs/ThreePoint.pdf, id=1902, 241.90375pt x 90.3375pt>
File: cpfigs/ThreePoint.pdf Graphic file (type pdf)

<use cpfigs/ThreePoint.pdf>
Underfull \hbox (badness 10000) has occurred while \output is active
[][]
 []

[90 <./cpfigs/SmileFace.pdf> <./cpfigs/ThreePoint.pdf>]
Chapter 6.
[91

]
Underfull \hbox (badness 10000) has occurred while \output is active
[][]
 []

[92] <cpfigs/P1P2.pdf, id=1945, 508.90125pt x 218.8175pt>
File: cpfigs/P1P2.pdf Graphic file (type pdf)

<use cpfigs/P1P2.pdf>
Underfull \hbox (badness 10000) has occurred while \output is active
[][]
 []

[93] <cpfigs/P0P1P2P1nc.pdf, id=1959, 342.27875pt x 329.23pt>
File: cpfigs/P0P1P2P1nc.pdf Graphic file (type pdf)

<use cpfigs/P0P1P2P1nc.pdf>
<cpfigs/projP0.pdf, id=1961, 294.09875pt x 241.90375pt>
File: cpfigs/projP0.pdf Graphic file (type pdf)

<use cpfigs/projP0.pdf>
Underfull \hbox (badness 10000) has occurred while \output is active
[][]
 []

[94 <./cpfigs/P1P2.pdf> <./cpfigs/P0P1P2P1nc.pdf> <./cpfigs/projP0.pdf>]
<cpfigs/projP1.pdf, id=1998, 562.1pt x 456.70625pt>
File: cpfigs/projP1.pdf Graphic file (type pdf)
 <use cpfigs/projP1.pdf>
<cpfigs/projP2.pdf, id=2000, 546.04pt x 505.89pt>
File: cpfigs/projP2.pdf Graphic file (type pdf)
 <use cpfigs/projP2.pdf>
Underfull \hbox (badness 10000) has occurred while \output is active
[][]
 []

[95 <./cpfigs/projP1.pdf> <./cpfigs/projP2.pdf>]
<cpfigs/projP1nc.pdf, id=2020, 514.92375pt x 588.1975pt>
File: cpfigs/projP1nc.pdf Graphic file (type pdf)

<use cpfigs/projP1nc.pdf>
<cpfigs/projP1b.pdf, id=2022, 506.89375pt x 445.665pt>
File: cpfigs/projP1b.pdf Graphic file (type pdf)

<use cpfigs/projP1b.pdf>
Underfull \hbox (badness 10000) has occurred while \output is active
[][]
 []

[96 <./cpfigs/projP1nc.pdf> <./cpfigs/projP1b.pdf>]
<cpfigs/RT0.pdf, id=2049, 200.75pt x 221.82875pt>
File: cpfigs/RT0.pdf Graphic file (type pdf)
 <use cpfigs/RT0.pdf>
Underfull \hbox (badness 10000) has occurred while \output is active
[][]
 []

[97] <cpfigs/onoldmesh.pdf, id=2063, 345.29pt x 345.29pt>
File: cpfigs/onoldmesh.pdf Graphic file (type pdf)

<use cpfigs/onoldmesh.pdf>
<cpfigs/onnewmesh.pdf, id=2065, 345.29pt x 345.29pt>
File: cpfigs/onnewmesh.pdf Graphic file (type pdf)

<use cpfigs/onnewmesh.pdf>
Underfull \hbox (badness 10000) has occurred while \output is active
[][]
 []

[98 <./cpfigs/RT0.pdf> <./cpfigs/onoldmesh.pdf> <./cpfigs/onnewmesh.pdf>]
Underfull \hbox (badness 10000) in paragraph at lines 5225--5231

 []


Underfull \hbox (badness 10000) has occurred while \output is active
[][]
 []

[99] <cpfigs/fastInterpolat.pdf, id=2109, 377.41pt x 274.02374pt>
File: cpfigs/fastInterpolat.pdf Graphic file (type pdf)

<use cpfigs/fastInterpolat.pdf>
Underfull \hbox (badness 10000) has occurred while \output is active
[][]
 []

[100 <./cpfigs/fastInterpolat.pdf>]
Underfull \hbox (badness 10000) has occurred while \output is active
[][]
 []

[101]
Underfull \hbox (badness 10000) has occurred while \output is active
[][]
 []

[102]
Underfull \hbox (badness 10000) has occurred while \output is active
[][]
 []

[103]
Overfull \hbox (8.92088pt too wide) in paragraph at lines 5498--5500
[]\OT1/ptm/m/n/12 a lin-ear form on $[][]\OT1/txr/m/n/12 ^^@$ \OT1/ptm/m/n/12 (
for Neu-mann ) [][][]  \OT1/pcr/m/n/12 -int1d(Th))( f*w)  \OT1/ptm/m/n/12 or  \
OT1/pcr/m/n/12 -int1d(Th,3))(
 []


Overfull \hbox (24.38884pt too wide) in paragraph at lines 5500--5503
[]\OT1/ptm/m/n/12 a bi-lin-ear form on $[][]\OT1/txr/m/n/12 ^^@$ \OT1/ptm/m/n/1
2 or $[][]\OT1/txr/m/n/12 ^^@[]$ \OT1/ptm/m/n/12 (for Robin )[][][]  \OT1/pcr/m
/n/12 int1d(Th))( K*v*w)  \OT1/ptm/m/n/12 or  \OT1/pcr/m/n/12 int1d(Th,2))(
 []


Underfull \hbox (badness 10000) has occurred while \output is active
[][]
 []

[104]
Underfull \hbox (badness 10000) has occurred while \output is active
[][]
 []

[105]
Underfull \hbox (badness 10000) has occurred while \output is active
[][]
 []

[106]
Underfull \hbox (badness 10000) has occurred while \output is active
[][]
 []

[107]
Underfull \hbox (badness 10000) has occurred while \output is active
[][]
 []

[108]
Underfull \hbox (badness 10000) has occurred while \output is active
[][]
 []

[109]
Underfull \hbox (badness 10000) has occurred while \output is active
[][]
 []

[110]
Chapter 7.
[111

] <cpfigs/three.pdf, id=2198, 342.27875pt x 342.27875pt>
File: cpfigs/three.pdf Graphic file (type pdf)

<use cpfigs/three.pdf> <cpfigs/threeg.pdf, id=2200, 342.27875pt x 342.27875pt>
File: cpfigs/threeg.pdf Graphic file (type pdf)

<use cpfigs/threeg.pdf>
Underfull \hbox (badness 10000) has occurred while \output is active
[][]
 []

[112] <cpfigs/likegnu.pdf, id=2208, 345.29pt x 345.29pt>
File: cpfigs/likegnu.pdf Graphic file (type pdf)

<use cpfigs/likegnu.pdf>
LaTeX Font Info:    Font shape `OT1/pcr/m/it' in size <7> not available
(Font)              Font shape `OT1/pcr/m/sl' tried instead on input line 6008.

LaTeX Font Info:    Font shape `OT1/pcr/m/it' in size <5> not available
(Font)              Font shape `OT1/pcr/m/sl' tried instead on input line 6008.


Underfull \hbox (badness 10000) has occurred while \output is active
[][]
 []

[113 <./cpfigs/three.pdf> <./cpfigs/threeg.pdf> <./cpfigs/likegnu.pdf>]
<cpfigs/hsv.pdf, id=2235, 301.125pt x 225.84375pt>
File: cpfigs/hsv.pdf Graphic file (type pdf)
 <use cpfigs/hsv.pdf>
<cpfigs/threehsv.pdf, id=2237, 501.875pt x 301.125pt>
File: cpfigs/threehsv.pdf Graphic file (type pdf)

<use cpfigs/threehsv.pdf>
Overfull \hbox (54.80489pt too wide) in paragraph at lines 6036--6036
 [] 
 []


Underfull \hbox (badness 10000) has occurred while \output is active
[][]
 []

[114 <./cpfigs/hsv.pdf> <./cpfigs/threehsv.pdf>]
<cpfigs/gnuplot.pdf, id=2254, 505.89pt x 722.7pt>
File: cpfigs/gnuplot.pdf Graphic file (type pdf)
 <use cpfigs/gnuplot.pdf>
<cpfigs/medit2.pdf, id=2256, 256.96pt x 202.7575pt>
File: cpfigs/medit2.pdf Graphic file (type pdf)
 <use cpfigs/medit2.pdf>
Underfull \hbox (badness 10000) has occurred while \output is active
[][]
 []

[115 <./cpfigs/gnuplot.pdf>]
Underfull \hbox (badness 10000) has occurred while \output is active
[][]
 []

[116 <./cpfigs/medit2.pdf>]
Chapter 8.

Overfull \hbox (0.90744pt too wide) in paragraph at lines 6152--6155
[]\OT1/ptm/m/n/12 set and re-turn the value of the stop test, if pos-i-tive the
n rel-a-tive test $[][]\OMS/txsy/m/n/12 jjr\OML/txmi/m/it/12 J\OT1/txr/m/n/12 (
\OML/txmi/m/it/12 x\OT1/txr/m/n/12 )\OMS/txsy/m/n/12 jj[] ^^T \OML/txmi/m/it/12
 "\OMS/txsy/m/n/12 jjr\OML/txmi/m/it/12 J\OT1/txr/m/n/12 (\OML/txmi/m/it/12 x[]
\OT1/txr/m/n/12 )\OMS/txsy/m/n/12 jj[]$\OT1/ptm/m/n/12 ,
 []

[117

]
Underfull \hbox (badness 10000) has occurred while \output is active
[][]
 []

[118]
Overfull \hbox (4.52954pt too wide) in paragraph at lines 6267--6267
[]     []\OT1/pcr/b/n/10 c[][]o[][]u[][]t[] \OT1/pcr/m/n/10 << " restart with n
ew preconditionner " << conv << " eps =" << eps <<
 []


Underfull \hbox (badness 10000) has occurred while \output is active
[][]
 []

[119]
Underfull \hbox (badness 10000) has occurred while \output is active
[][]
 []

[120]
Chapter 9.
<cpfigs/soapfilm.pdf, id=2308, 597.23125pt x 198.7425pt>
File: cpfigs/soapfilm.pdf Graphic file (type pdf)

<use cpfigs/soapfilm.pdf> [121

 <./cpfigs/soapfilm.pdf>]
Underfull \hbox (badness 10000) has occurred while \output is active
[][]
 []

[122] <cpfigs/aTutorial.pdf, id=2340, 342.27875pt x 329.23pt>
File: cpfigs/aTutorial.pdf Graphic file (type pdf)

<use cpfigs/aTutorial.pdf>
<cpfigs/soapfilm3d.pdf, id=2341, 659.46375pt x 111.41624pt>
File: cpfigs/soapfilm3d.pdf Graphic file (type pdf)

<use cpfigs/soapfilm3d.pdf>
Overfull \hbox (5.98267pt too wide) in paragraph at lines 6433--6443
[]$[][][]$   $[][][]$ 
 []


Underfull \hbox (badness 10000) has occurred while \output is active
[][]
 []

[123 <./cpfigs/aTutorial.pdf> <./cpfigs/soapfilm3d.pdf>]
<cpfigs/electroMesh.pdf, id=2359, 246.9225pt x 182.6825pt>
File: cpfigs/electroMesh.pdf Graphic file (type pdf)

<use cpfigs/electroMesh.pdf>
<cpfigs/electro.pdf, id=2361, 246.9225pt x 182.6825pt>
File: cpfigs/electro.pdf Graphic file (type pdf)

<use cpfigs/electro.pdf>
Underfull \hbox (badness 10000) has occurred while \output is active
[][]
 []

[124 <./cpfigs/electroMesh.pdf> <./cpfigs/electro.pdf>]
Underfull \hbox (badness 10000) has occurred while \output is active
[][]
 []

[125] <cpfigs/naca1.pdf, id=2397, 246.9225pt x 182.6825pt>
File: cpfigs/naca1.pdf Graphic file (type pdf)

<use cpfigs/naca1.pdf> <cpfigs/naca2.pdf, id=2399, 246.9225pt x 182.6825pt>
File: cpfigs/naca2.pdf Graphic file (type pdf)

<use cpfigs/naca2.pdf>
Underfull \hbox (badness 10000) has occurred while \output is active
[][]
 []

[126]
Underfull \hbox (badness 10000) has occurred while \output is active
[][]
 []

[127 <./cpfigs/naca1.pdf> <./cpfigs/naca2.pdf>]
<cpfigs/period.pdf, id=2428, 345.29pt x 345.29pt>
File: cpfigs/period.pdf Graphic file (type pdf)
 <use cpfigs/period.pdf>
Underfull \hbox (badness 10000) has occurred while \output is active
[][]
 []

[128] <cpfigs/perio4.pdf, id=2437, 388.45125pt x 388.45125pt>
File: cpfigs/perio4.pdf Graphic file (type pdf)

<use cpfigs/perio4.pdf>
Underfull \hbox (badness 10000) has occurred while \output is active
[][]
 []

[129 <./cpfigs/period.pdf>]
Underfull \hbox (badness 10000) has occurred while \output is active
[][]
 []

[130 <./cpfigs/perio4.pdf>]
Underfull \hbox (badness 10000) has occurred while \output is active
[][]
 []

[131]
Underfull \hbox (badness 10000) has occurred while \output is active
[][]
 []

[132] <cpfigs/rhoP2.pdf, id=2471, 388.45125pt x 388.45125pt>
File: cpfigs/rhoP2.pdf Graphic file (type pdf)

<use cpfigs/rhoP2.pdf>
<cpfigs/ThrhoP2.pdf, id=2472, 388.45125pt x 388.45125pt>
File: cpfigs/ThrhoP2.pdf Graphic file (type pdf)

<use cpfigs/ThrhoP2.pdf>
Underfull \hbox (badness 10000) has occurred while \output is active
[][]
 []

[133 <./cpfigs/rhoP2.pdf> <./cpfigs/ThrhoP2.pdf>]
Underfull \hbox (badness 10000) has occurred while \output is active
[][]
 []

[134] <cpfigs/arei-etak.pdf, id=2492, 441.65pt x 441.65pt>
File: cpfigs/arei-etak.pdf Graphic file (type pdf)

<use cpfigs/arei-etak.pdf> <cpfigs/arei-Thu.pdf, id=2493, 441.65pt x 441.65pt>
File: cpfigs/arei-Thu.pdf Graphic file (type pdf)

<use cpfigs/arei-Thu.pdf>
Underfull \hbox (badness 10000) has occurred while \output is active
[][]
 []

[135]
Underfull \hbox (badness 10000) has occurred while \output is active
[][]
 []

[136 <./cpfigs/arei-etak.pdf> <./cpfigs/arei-Thu.pdf>]
Underfull \hbox (badness 10000) has occurred while \output is active
[][]
 []

[137]
Underfull \hbox (badness 10000) has occurred while \output is active
[][]
 []

[138]
Underfull \hbox (badness 10000) has occurred while \output is active
[][]
 []

[139] <cpfigs/1stCOD.pdf, id=2540, 246.9225pt x 182.6825pt>
File: cpfigs/1stCOD.pdf Graphic file (type pdf)

<use cpfigs/1stCOD.pdf>
<cpfigs/1stPhoto.pdf, id=2542, 246.9225pt x 182.6825pt>
File: cpfigs/1stPhoto.pdf Graphic file (type pdf)

<use cpfigs/1stPhoto.pdf>
Overfull \hbox (1.01553pt too wide) in paragraph at lines 7460--7461
 [][] 
 []

<cpfigs/LastCOD.pdf, id=2544, 246.9225pt x 182.6825pt>
File: cpfigs/LastCOD.pdf Graphic file (type pdf)

<use cpfigs/LastCOD.pdf>
<cpfigs/LastPhoto.pdf, id=2546, 246.9225pt x 182.6825pt>
File: cpfigs/LastPhoto.pdf Graphic file (type pdf)

<use cpfigs/LastPhoto.pdf>
Overfull \hbox (1.01553pt too wide) in paragraph at lines 7464--7465
 [][] 
 []


Underfull \hbox (badness 10000) has occurred while \output is active
[][]
 []

[140]
Underfull \hbox (badness 10000) has occurred while \output is active
[][]
 []

[141 <./cpfigs/1stCOD.pdf> <./cpfigs/1stPhoto.pdf> <./cpfigs/LastCOD.pdf> <./cp
figs/LastPhoto.pdf>] <cpfigs/1stCOD2.pdf, id=2586, 246.9225pt x 182.6825pt>
File: cpfigs/1stCOD2.pdf Graphic file (type pdf)

<use cpfigs/1stCOD2.pdf>
<cpfigs/1stPhoto2.pdf, id=2588, 246.9225pt x 182.6825pt>
File: cpfigs/1stPhoto2.pdf Graphic file (type pdf)

<use cpfigs/1stPhoto2.pdf>
Overfull \hbox (1.01553pt too wide) in paragraph at lines 7520--7521
 [][] 
 []

<cpfigs/LastCOD2.pdf, id=2590, 246.9225pt x 182.6825pt>
File: cpfigs/LastCOD2.pdf Graphic file (type pdf)

<use cpfigs/LastCOD2.pdf>
<cpfigs/LastPhoto2.pdf, id=2592, 246.9225pt x 182.6825pt>
File: cpfigs/LastPhoto2.pdf Graphic file (type pdf)

<use cpfigs/LastPhoto2.pdf>
Overfull \hbox (1.01553pt too wide) in paragraph at lines 7524--7525
 [][] 
 []


Underfull \hbox (badness 10000) has occurred while \output is active
[][]
 []

[142 <./cpfigs/1stCOD2.pdf> <./cpfigs/1stPhoto2.pdf> <./cpfigs/LastCOD2.pdf> <.
/cpfigs/LastPhoto2.pdf>]
Overfull \hbox (4.52954pt too wide) in paragraph at lines 7569--7569
[]   \OT1/pcr/m/n/10 +  dalpha*( dx(u)*dx(vh) + dy(u)*dy(vh)  )*( dx(u)*dx(uh) 
+ dy(u)*dy(uh) ) )[] 
 []


Underfull \hbox (badness 10000) has occurred while \output is active
[][]
 []

[143]
Overfull \hbox (1.66467pt too wide) in paragraph at lines 7635--7637
[]\OT1/ptm/m/it/12 In the first ex-am-ple, we com-pute the eigen-value and the 
eigen-
 []


Underfull \hbox (badness 10000) has occurred while \output is active
[][]
 []

[144]
Underfull \hbox (badness 10000) has occurred while \output is active
[][]
 []

[145]
Overfull \hbox (28.52954pt too wide) in paragraph at lines 7703--7703
[]       \OT1/pcr/m/n/10 <<int2d(Th)(dx(u1)*dx(u1) + dy(u1)*dy(u1) - (ev[i])*u1
*u1) << " --- "<<endl;[] 
 []


Underfull \hbox (badness 10000) has occurred while \output is active
[][]
 []

[146] <cpfigs/eigen11.pdf, id=2637, 388.45125pt x 388.45125pt>
File: cpfigs/eigen11.pdf Graphic file (type pdf)

<use cpfigs/eigen11.pdf>
<cpfigs/eigen12.pdf, id=2639, 388.45125pt x 388.45125pt>
File: cpfigs/eigen12.pdf Graphic file (type pdf)

<use cpfigs/eigen12.pdf>
Underfull \hbox (badness 10000) has occurred while \output is active
[][]
 []

[147 <./cpfigs/eigen11.pdf> <./cpfigs/eigen12.pdf>]
Underfull \hbox (badness 10000) has occurred while \output is active
[][]
 []

[148]
Underfull \hbox (badness 10000) has occurred while \output is active
[][]
 []

[149] <cpfigs/err02.pdf, id=2688, 524.96124pt x 373.395pt>
File: cpfigs/err02.pdf Graphic file (type pdf)

<use cpfigs/err02.pdf>
Underfull \hbox (badness 10000) has occurred while \output is active
[][]
 []

[150]
Overfull \hbox (7.32132pt too wide) in paragraph at lines 8004--8007
\OT1/ptm/m/n/12 appear fre-quently in sci-en-tific prob-lems, for ex-am-ple, Na
vier-Stokes equa-tion, Convection-Diffusion
 []


Underfull \hbox (badness 10000) has occurred while \output is active
[][]
 []

[151 <./cpfigs/err02.pdf>]
Underfull \hbox (badness 10000) has occurred while \output is active
[][]
 []

[152] <cpfigs/BellInit.pdf, id=2729, 246.9225pt x 182.6825pt>
File: cpfigs/BellInit.pdf Graphic file (type pdf)

<use cpfigs/BellInit.pdf>
<cpfigs/BellLast.pdf, id=2731, 246.9225pt x 182.6825pt>
File: cpfigs/BellLast.pdf Graphic file (type pdf)

<use cpfigs/BellLast.pdf>
Underfull \hbox (badness 10000) has occurred while \output is active
[][]
 []

[153 <./cpfigs/BellInit.pdf> <./cpfigs/BellLast.pdf>]
<cpfigs/BSth.pdf, id=2758, 469.755pt x 460.72125pt>
File: cpfigs/BSth.pdf Graphic file (type pdf)
 <use cpfigs/BSth.pdf>
Overfull \hbox (2.34622pt too wide) in paragraph at lines 8213--8213
 [] 
 []

<cpfigs/BSval.pdf, id=2760, 469.755pt x 460.72125pt>
File: cpfigs/BSval.pdf Graphic file (type pdf)
 <use cpfigs/BSval.pdf>
Overfull \hbox (2.34622pt too wide) in paragraph at lines 8213--8213
 [] 
 []


Underfull \hbox (badness 10000) has occurred while \output is active
[][]
 []

[154]
Underfull \hbox (badness 10000) has occurred while \output is active
[][]
 []

[155 <./cpfigs/BSth.pdf> <./cpfigs/BSval.pdf>]
Underfull \hbox (badness 10000) has occurred while \output is active
[][]
 []

[156]
Underfull \hbox (badness 10000) has occurred while \output is active
[][]
 []

[157]
Underfull \hbox (badness 10000) in paragraph at lines 8495--8497

 []


Underfull \hbox (badness 10000) has occurred while \output is active
[][]
 []

[158]
Underfull \hbox (badness 10000) has occurred while \output is active
[][]
 []

[159]
Underfull \hbox (badness 10000) has occurred while \output is active
[][]
 []

[160]
Overfull \hbox (4.52954pt too wide) in paragraph at lines 8678--8678
[][]\OT1/pcr/b/n/10 v[][]a[][]r[][]f[]  \OT1/pcr/m/n/10 vfconv1(uu,vv)  = []\OT
1/pcr/b/n/10 i[][]n[][]t[][]2[][]d[]\OT1/pcr/m/n/10 (Th,qforder=5) ([]\OT1/pcr/
b/n/10 c[][]o[][]n[][]v[][]e[][]c[][]t[]\OT1/pcr/m/n/10 ([u1,u2],-dt,u1)*vv*alp
ha);[] 
 []


Overfull \hbox (4.52954pt too wide) in paragraph at lines 8679--8679
[][]\OT1/pcr/b/n/10 v[][]a[][]r[][]f[]  \OT1/pcr/m/n/10 vfconv2(v2,v1)  = []\OT
1/pcr/b/n/10 i[][]n[][]t[][]2[][]d[]\OT1/pcr/m/n/10 (Th,qforder=5) ([]\OT1/pcr/
b/n/10 c[][]o[][]n[][]v[][]e[][]c[][]t[]\OT1/pcr/m/n/10 ([u1,u2],-dt,u2)*v1*alp
ha);[] 
 []


Underfull \hbox (badness 10000) has occurred while \output is active
[][]
 []

[161] <cpfigs/NScahouetChabart.pdf, id=2846, 469.755pt x 460.72125pt>
File: cpfigs/NScahouetChabart.pdf Graphic file (type pdf)

<use cpfigs/NScahouetChabart.pdf>
Underfull \hbox (badness 10000) has occurred while \output is active
[][]
 []

[162 <./cpfigs/NScahouetChabart.pdf>]
Underfull \hbox (badness 10000) has occurred while \output is active
[][]
 []

[163]
Underfull \hbox (badness 10000) has occurred while \output is active
[][]
 []

[164] <cpfigs/schwarz-th.pdf, id=2874, 345.29pt x 345.29pt>
File: cpfigs/schwarz-th.pdf Graphic file (type pdf)

<use cpfigs/schwarz-th.pdf>
Underfull \hbox (badness 10000) has occurred while \output is active
[][]
 []

[165] <cpfigs/schwarz-u0.pdf, id=2881, 345.29pt x 345.29pt>
File: cpfigs/schwarz-u0.pdf Graphic file (type pdf)

<use cpfigs/schwarz-u0.pdf>
<cpfigs/schwarz-u.pdf, id=2882, 345.29pt x 345.29pt>
File: cpfigs/schwarz-u.pdf Graphic file (type pdf)

<use cpfigs/schwarz-u.pdf>
<cpfigs/schwarz-no-th.pdf, id=2883, 345.29pt x 345.29pt>
File: cpfigs/schwarz-no-th.pdf Graphic file (type pdf)

<use cpfigs/schwarz-no-th.pdf>
Underfull \hbox (badness 10000) has occurred while \output is active
[][]
 []

[166 <./cpfigs/schwarz-th.pdf>]
Underfull \hbox (badness 10000) has occurred while \output is active
[][]
 []

[167 <./cpfigs/schwarz-u0.pdf> <./cpfigs/schwarz-u.pdf> <./cpfigs/schwarz-no-th
.pdf>] <cpfigs/schwarz-no-u0.pdf, id=2908, 345.29pt x 345.29pt>
File: cpfigs/schwarz-no-u0.pdf Graphic file (type pdf)

<use cpfigs/schwarz-no-u0.pdf>
<cpfigs/schwarz-no-u.pdf, id=2909, 345.29pt x 345.29pt>
File: cpfigs/schwarz-no-u.pdf Graphic file (type pdf)

<use cpfigs/schwarz-no-u.pdf>
Underfull \hbox (badness 10000) has occurred while \output is active
[][]
 []

[168 <./cpfigs/schwarz-no-u0.pdf> <./cpfigs/schwarz-no-u.pdf>]
Overfull \hbox (22.52954pt too wide) in paragraph at lines 9082--9082
[][]\OT1/pcr/b/n/10 m[][]e[][]s[][]h[] \OT1/pcr/m/n/10 Th1 = buildmesh( Gamma1(
5*n) + Gamma2(5*n) + GammaInside(5*n) + Gamma3(5*n));[] 
 []


Underfull \hbox (badness 10000) has occurred while \output is active
[][]
 []

[169]
Underfull \hbox (badness 10000) has occurred while \output is active
[][]
 []

[170]
Underfull \hbox (badness 10000) has occurred while \output is active
[][]
 []

[171]
Underfull \hbox (badness 10000) has occurred while \output is active
[][]
 []

[172] <cpfigs/fluidstruct1.pdf, id=2943, 469.755pt x 460.72125pt>
File: cpfigs/fluidstruct1.pdf Graphic file (type pdf)

<use cpfigs/fluidstruct1.pdf>
<cpfigs/fluidstruct2.pdf, id=2944, 421.575pt x 110.4125pt>
File: cpfigs/fluidstruct2.pdf Graphic file (type pdf)

<use cpfigs/fluidstruct2.pdf>
<cpfigs/fluidstruct3.pdf, id=2945, 427.5975pt x 99.37125pt>
File: cpfigs/fluidstruct3.pdf Graphic file (type pdf)

<use cpfigs/fluidstruct3.pdf>
Underfull \hbox (badness 10000) has occurred while \output is active
[][]
 []

[173 <./cpfigs/fluidstruct1.pdf> <./cpfigs/fluidstruct2.pdf> <./cpfigs/fluidstr
uct3.pdf>] <cpfigs/region.pdf, id=2961, 345.29pt x 345.29pt>
File: cpfigs/region.pdf Graphic file (type pdf)

<use cpfigs/region.pdf> <cpfigs/region_nu.pdf, id=2963, 345.29pt x 345.29pt>
File: cpfigs/region_nu.pdf Graphic file (type pdf)

<use cpfigs/region_nu.pdf>
Underfull \hbox (badness 10000) has occurred while \output is active
[][]
 []

[174] <cpfigs/region_u.pdf, id=2975, 345.29pt x 345.29pt>
File: cpfigs/region_u.pdf Graphic file (type pdf)

<use cpfigs/region_u.pdf>
Underfull \hbox (badness 10000) has occurred while \output is active
[][]
 []

[175 <./cpfigs/region.pdf> <./cpfigs/region_nu.pdf>]
<cpfigs/dTh.pdf, id=2993, 355.3275pt x 76.285pt>
File: cpfigs/dTh.pdf Graphic file (type pdf)
 <use cpfigs/dTh.pdf>
Underfull \hbox (badness 10000) has occurred while \output is active
[][]
 []

[176 <./cpfigs/region_u.pdf> <./cpfigs/dTh.pdf>]
Underfull \hbox (badness 10000) has occurred while \output is active
[][]
 []

[177] <cpfigs/d_u.pdf, id=3014, 354.32375pt x 77.28876pt>
File: cpfigs/d_u.pdf Graphic file (type pdf)
 <use cpfigs/d_u.pdf>
<cpfigs/d_Thf.pdf, id=3015, 355.3275pt x 78.2925pt>
File: cpfigs/d_Thf.pdf Graphic file (type pdf)
 <use cpfigs/d_Thf.pdf>
Underfull \hbox (badness 10000) has occurred while \output is active
[][]
 []

[178 <./cpfigs/d_u.pdf>]
Underfull \hbox (badness 10000) in paragraph at lines 9636--9637

 []

<cpfigs/nl-elas.pdf, id=3024, 359.3425pt x 126.4725pt>
File: cpfigs/nl-elas.pdf Graphic file (type pdf)

<use cpfigs/nl-elas.pdf>
Underfull \hbox (badness 10000) has occurred while \output is active
[][]
 []

[179 <./cpfigs/d_Thf.pdf>]
Underfull \hbox (badness 10000) has occurred while \output is active
[][]
 []

[180 <./cpfigs/nl-elas.pdf>]
Underfull \hbox (badness 10000) has occurred while \output is active
[][]
 []

[181]
Underfull \hbox (badness 10000) has occurred while \output is active
[][]
 []

[182]
Underfull \hbox (badness 10000) has occurred while \output is active
[][]
 []

[183]
Underfull \hbox (badness 10000) has occurred while \output is active
[][]
 []

[184]
Chapter 10.
[185

]
Underfull \hbox (badness 10000) has occurred while \output is active
[][]
 []

[186]
\openout2 = `docFFGUI.aux'.

 (./docFFGUI.tex
Chapter 11.
<cpfigs/FreeFem++-cs.pdf, id=3068, 811.03pt x 630.355pt>
File: cpfigs/FreeFem++-cs.pdf Graphic file (type pdf)

<use cpfigs/FreeFem++-cs.pdf>
Overfull \hbox (16.23601pt too wide) in paragraph at lines 39--42
[]\OT1/ptm/m/n/12 A main win-dow com-posed of three pan-els : ed-i-tor with syn
-tax high-light-ing (right), \OT1/pcr/m/n/12 FreeFem++
 []

[187


 <./cpfigs/FreeFem++-cs.pdf>])
Underfull \hbox (badness 10000) has occurred while \output is active
[][]
 []

[188]
Chapter 12.

Underfull \hbox (badness 10000) in paragraph at lines 10027--10029

 []


Underfull \hbox (badness 10000) in paragraph at lines 10051--10053

 []

[189


]
Underfull \hbox (badness 10000) detected at line 10067
[][]
 []


Underfull \hbox (badness 10000) detected at line 10074
[][]
 []


Underfull \hbox (badness 10000) has occurred while \output is active
[][]
 []

[190]
Underfull \hbox (badness 10000) has occurred while \output is active
[][]
 []

[191]
Underfull \hbox (badness 10000) has occurred while \output is active
[][]
 []

[192]
Underfull \hbox (badness 10000) has occurred while \output is active
[][]
 []

[193]
\openout2 = `addfe.aux'.

 (./addfe.tex
Underfull \hbox (badness 10000) has occurred while \output is active
[][]
 []

[194


]
Chapter 13.
[195]
Underfull \hbox (badness 10000) has occurred while \output is active
[][]
 []

[196]
Overfull \hbox (10.52954pt too wide) in paragraph at lines 177--177
[] \OT1/pcr/m/n/10 void TypeOfFE_RTortho::FB(const bool *whatd,const Mesh & Th,
const Triangle & K,[] 
 []


Underfull \hbox (badness 10000) has occurred while \output is active
[][]
 []

[197]
Overfull \hbox (6.10522pt too wide) in paragraph at lines 253--256
[]\OT1/ptm/m/n/10.95 With dy-namic link is very sim-ple (see sec-tion []C[] of 
ap-pendix), just add be-fore the end of \OT1/pcr/m/n/10.95 FEM2d namespace
 []


Underfull \hbox (badness 10000) has occurred while \output is active
[][]
 []

[198]
Overfull \hbox (20.06888pt too wide) in paragraph at lines 263--265
[]\OT1/ptm/m/n/10.95 Try with "./load.link" com-mand in \OT1/pcr/m/n/10.95 exam
ples++-load/ \OT1/ptm/m/n/10.95 and see \OT1/pcr/m/n/10.95 BernardiRaugel.cpp \
OT1/ptm/m/n/10.95 or \OT1/pcr/m/n/10.95 Morley.cpp
 []


Overfull \hbox (10.13896pt too wide) in paragraph at lines 316--316
[]\OT1/pcr/m/n/10.95 EXTRA_DIST=BamgFreeFem.cpp BamgFreeFem.hpp CGNL.hpp CheckP
tr.cpp        \[] 
 []


Overfull \hbox (10.13896pt too wide) in paragraph at lines 317--317
[]\OT1/pcr/m/n/10.95 ConjuguedGradrientNL.cpp DOperator.hpp Drawing.cpp Element
_P2h.cpp      \[] 
 []


Overfull \hbox (10.13896pt too wide) in paragraph at lines 318--318
[]\OT1/pcr/m/n/10.95 Element_P3.cpp Element_RT.cpp fem3.hpp fem.cpp fem.hpp FES
pace.cpp      \[] 
 []


Overfull \hbox (10.13896pt too wide) in paragraph at lines 319--319
[]\OT1/pcr/m/n/10.95 FESpace.hpp FESpace-v0.cpp FQuadTree.cpp FQuadTree.hpp gib
bs.cpp        \[] 
 []


Overfull \hbox (10.13896pt too wide) in paragraph at lines 320--320
[]\OT1/pcr/m/n/10.95 glutdraw.cpp gmres.hpp MatriceCreuse.hpp MatriceCreuse_tpl
.hpp          \[] 
 []


Overfull \hbox (10.13896pt too wide) in paragraph at lines 321--321
[]\OT1/pcr/m/n/10.95 MeshPoint.hpp mortar.cpp mshptg.cpp QuadratureFormular.cpp
              \[] 
 []


Overfull \hbox (10.13896pt too wide) in paragraph at lines 322--322
[]\OT1/pcr/m/n/10.95 QuadratureFormular.hpp RefCounter.hpp RNM.hpp RNM_opc.hpp 
RNM_op.hpp    \[] 
 []


Underfull \hbox (badness 10000) has occurred while \output is active
[][]
 []

[199])
Underfull \hbox (badness 10000) has occurred while \output is active
[][]
 []

[200]
Appendix A.
[201


]
Underfull \hbox (badness 10000) has occurred while \output is active
[][]
 []

[202]
Underfull \hbox (badness 10000) has occurred while \output is active
[][]
 []

[203]
Underfull \hbox (badness 10000) has occurred while \output is active
[][]
 []

[204]
Appendix B.
[205

]
Overfull \hbox (34.52954pt too wide) in paragraph at lines 10448--10448
[]             \OT1/pcr/m/n/10 | []\OT1/pcr/b/n/10 F[][]U[][]N[][]C[][]T[][]I[]
[]O[][]N[] \OT1/pcr/m/n/10 type_of_dcl []\OT1/pcr/b/n/10 I[][]D[]  \OT1/pcr/m/n
/10 '(' list_of_id_args ')'  '{' instructions'}'[] 
 []


Overfull \hbox (28.52954pt too wide) in paragraph at lines 10449--10449
[]             \OT1/pcr/m/n/10 | []\OT1/pcr/b/n/10 F[][]U[][]N[][]C[][]T[][]I[]
[]O[][]N[] []I[][]D[] \OT1/pcr/m/n/10 '(' list_of_id_args ')'   '='   no_comma_
expr  ';'     ;[] 
 []


Underfull \hbox (badness 10000) has occurred while \output is active
[][]
 []

[206]
Underfull \hbox (badness 10000) has occurred while \output is active
[][]
 []

[207]
Underfull \hbox (badness 10000) has occurred while \output is active
[][]
 []

[208]
Underfull \vbox (badness 2735) has occurred while \output is active []


Underfull \hbox (badness 10000) has occurred while \output is active
[][]
 []

[209]
Underfull \vbox (badness 10000) has occurred while \output is active []


Underfull \hbox (badness 10000) has occurred while \output is active
[][]
 []

[210]
Underfull \vbox (badness 10000) has occurred while \output is active []


Underfull \hbox (badness 10000) has occurred while \output is active
[][]
 []

[211]
Underfull \vbox (badness 10000) has occurred while \output is active []


Underfull \hbox (badness 10000) has occurred while \output is active
[][]
 []

[212]
Underfull \hbox (badness 10000) has occurred while \output is active
[][]
 []

[213]
Underfull \hbox (badness 10000) has occurred while \output is active
[][]
 []

[214

]
Appendix C.
[215]
Underfull \hbox (badness 10000) has occurred while \output is active
[][]
 []

[216]
Overfull \hbox (4.52954pt too wide) in paragraph at lines 11202--11202
[] \OT1/pcr/m/n/10 -- square mesh : nb vertices  =36 ,  nb triangles = 50 ,  nb
 boundary edges 20[] 
 []


Underfull \hbox (badness 10000) has occurred while \output is active
[][]
 []

[217]
Underfull \hbox (badness 10000) has occurred while \output is active
[][]
 []

[218]
Overfull \hbox (34.52954pt too wide) in paragraph at lines 11331--11331
[]\OT1/pcr/m/n/10 ----------CheckPtr:-----init execution ------ NbUndelPtr  281
5  Alloc: 111320  NbPtr
 []


Overfull \hbox (16.52954pt too wide) in paragraph at lines 11333--11333
[] \OT1/pcr/m/n/10 -- square mesh : nb vertices  =512 ,  nb triangles = 930 ,  
nb boundary edges 92[] 
 []


Underfull \hbox (badness 10000) has occurred while \output is active
[][]
 []

[219]
Overfull \hbox (4.52954pt too wide) in paragraph at lines 11349--11349
[]\OT1/pcr/m/n/10 ----------CheckPtr:-----end execution -- ------ NbUndelPtr  2
815  Alloc: 111320
 []


Overfull \hbox (22.52954pt too wide) in paragraph at lines 11353--11353
[]                \OT1/pcr/m/n/10 CheckPtr:Max Memory used    228.531 kbytes  M
emory undelete 105020[] 
 []


Underfull \hbox (badness 10000) has occurred while \output is active
[][]
 []

[220]
Overfull \hbox (4.52954pt too wide) in paragraph at lines 11395--11395
[]    \OT1/pcr/m/n/10 if (a->size() != 2) CompileError("syntax:  MatrixUpWind0(
Th,rhi,[u1,u2])");[] 
 []


Overfull \hbox (46.52954pt too wide) in paragraph at lines 11414--11414
[]\OT1/pcr/m/n/10 int   fvmP1P0(double q[3][2], double u[2],double c[3], double
 a[3][3], double where[3]
 []


Underfull \hbox (badness 10000) has occurred while \output is active
[][]
 []

[221]
Overfull \hbox (22.52954pt too wide) in paragraph at lines 11484--11484
[]  \OT1/pcr/m/n/10 sparce_mat->typemat=(amorse->n == amorse->m) ? TypeSolveMat
(TypeSolveMat::GMRES)
 []


Underfull \hbox (badness 10000) has occurred while \output is active
[][]
 []

[222]
Underfull \hbox (badness 10000) has occurred while \output is active
[][]
 []

[223]
Overfull \hbox (4.52954pt too wide) in paragraph at lines 11563--11563
[]    \OT1/pcr/m/n/10 void FB(const bool * whatd, const Mesh & Th,const Triangl
e & K,const R2 &P,
 []


Overfull \hbox (4.52954pt too wide) in paragraph at lines 11564--11564
[]    \OT1/pcr/m/n/10 void TypeOfFE_P2BRLagrange::Pi_h_alpha(const baseFElement
 & K,KN_<double> &
 []


Overfull \hbox (34.52954pt too wide) in paragraph at lines 11576--11576
[]\OT1/pcr/m/n/10 void TypeOfFE_P2BRLagrange::Pi_h_alpha(const baseFElement & K
,KN_<double> & v) const[] 
 []


Overfull \hbox (10.52954pt too wide) in paragraph at lines 11596--11596
[]  \OT1/pcr/m/n/10 void TypeOfFE_P2BRLagrange::FB(const bool * whatd,const Mes
h & ,const Triangle
 []


Underfull \hbox (badness 10000) has occurred while \output is active
[][]
 []

[224]
Overfull \hbox (4.52954pt too wide) in paragraph at lines 11647--11647
[]  \OT1/pcr/m/n/10 cout << " dx(a1)(x1,y1) = " << dx(a1)(x1,y1) << " == " << D
D(a1,h,0) << endl;[] 
 []


Underfull \hbox (badness 10000) has occurred while \output is active
[][]
 []

[225]
Underfull \hbox (badness 10000) has occurred while \output is active
[][]
 []

[226]
Overfull \hbox (9.91333pt too wide) in paragraph at lines 11685--11691
[]\OT1/ptm/m/n/12 All its pro-grams ex-cept files the com-ming from ARPACK++ so
ft-ware (files in di-rec-tory \OT1/pcr/m/n/12 ARPACK/a-
 []


Overfull \hbox (2.49823pt too wide) in paragraph at lines 11685--11691
\OT1/pcr/m/n/12 pack++/include \OT1/ptm/m/n/12 ) COOOL sofware (files in di-rec
-tory src/Algo) and the file \OT1/pcr/m/n/12 mt19937ar.cpp
 []

[227

]
Underfull \hbox (badness 10000) has occurred while \output is active
[][]
 []

[228]
Underfull \hbox (badness 10000) has occurred while \output is active
[][]
 []

[229]
Underfull \hbox (badness 10000) has occurred while \output is active
[][]
 []

[230]
Overfull \hbox (2.93617pt too wide) in paragraph at lines 12015--12024
\OT1/ptm/m/n/12 OTHER PAR-TIES PRO-VIDE THE LI-BRARY "AS IS" WITH-OUT WAR-RANTY
 OF ANY KIND,
 []


Overfull \hbox (1.5117pt too wide) in paragraph at lines 12025--12035
\OT1/ptm/m/n/12 FOR DAM-AGES, IN-CLUD-ING ANY GEN-ERAL, SPE-CIAL, IN-CI-DEN-TAL
 OR CON-SE-QUEN-
 []


Underfull \hbox (badness 10000) has occurred while \output is active
[][]
 []

[231]
Underfull \hbox (badness 10000) has occurred while \output is active
[][]
 []

[232]
Appendix D.
[233


]
Underfull \hbox (badness 10000) has occurred while \output is active
[][]
 []

[234


] [235]
Underfull \hbox (badness 10000) has occurred while \output is active
[][]
 []

[236] (./freefem++doc.ind
Underfull \hbox (badness 10000) has occurred while \output is active
[][]
 []

[237]
Overfull \hbox (4.36874pt too wide) in paragraph at lines 61--63
[]| \OT1/pcr/m/n/12 = + - * / .* ./ += -= /= *= \OT1/ptm/m/n/12 , []58[] 
 []

[238

]
Underfull \hbox (badness 10000) has occurred while \output is active
[][]
 []

[239]
Underfull \hbox (badness 10000) has occurred while \output is active
[][]
 []

[240]
Underfull \hbox (badness 10000) has occurred while \output is active
[][]
 []

[241]
Underfull \hbox (badness 10000) has occurred while \output is active
[][]
 []

[242])
Underfull \hbox (badness 10000) has occurred while \output is active
[][]
 []

[243


]
LaTeX Font Info:    Try loading font information for OT1+pag on input line 1227
3.
 (/usr/share/texmf-tetex/tex/latex/psnfss/ot1pag.fd
File: ot1pag.fd 2001/06/04 font definitions for OT1/pag.
)
LaTeX Font Info:    Font shape `OT1/pag/b/n' in size <12> not available
(Font)              Font shape `OT1/pag/db/n' tried instead on input line 12275
.

<plots/BG-russe.pdf, id=3838, 597.23125pt x 845.1575pt>
File: plots/BG-russe.pdf Graphic file (type pdf)

<use plots/BG-russe.pdf>
Overfull \vbox (231.62337pt too high) detected at line 12298
 []


Overfull \hbox (298.75394pt too wide) detected at line 12298
[][][]
 []

<plots/fig-fh.jpg, id=3839, 757.83125pt x 994.71625pt>
File: plots/fig-fh.jpg Graphic file (type jpg)
 <use plots/fig-fh.jpg>
<plots/fig-op.jpg, id=3840, 625.33624pt x 811.03pt>
File: plots/fig-op.jpg Graphic file (type jpg)
 <use plots/fig-op.jpg>
<plots/fig-ko.jpg, id=3841, 461.725pt x 598.235pt>
File: plots/fig-ko.jpg Graphic file (type jpg)
 <use plots/fig-ko.jpg>
<plots/fig-alh.jpg, id=3842, 108.405pt x 140.525pt>
File: plots/fig-alh.jpg Graphic file (type jpg)
 <use plots/fig-alh.jpg>
Underfull \hbox (badness 10000) has occurred while \output is active
[][]
 []

[244 <./plots/BG-russe.pdf> <./plots/fig-fh.jpg> <./plots/fig-op.jpg> <./plots/
fig-ko.jpg> <./plots/fig-alh.jpg>] (./freefem++doc.aux (./docFFGUI.aux)
(./addfe.aux))

LaTeX Font Warning: Some font shapes were not available, defaults substituted.


LaTeX Warning: There were multiply-defined labels.

 ) 
Here is how much of TeX's memory you used:
 7203 strings out of 94500
 96637 string characters out of 1176010
 143941 words of memory out of 1000000
 9219 multiletter control sequences out of 10000+50000
 135163 words of font info for 317 fonts, out of 500000 for 2000
 580 hyphenation exceptions out of 8191
 34i,17n,41p,636b,420s stack positions out of 1500i,500n,5000p,200000b,5000s
PDF statistics:
 3855 PDF objects out of 300000
 788 named destinations out of 131072
 2282 words of extra memory for PDF output out of 65536
{/usr/share/texmf-tetex/fonts/enc/dvips/psnfss/8r.enc}</usr/share/texmf-tetex
/fonts/type1/urw/avantgar/uagk8a.pfb></usr/share/texmf-tetex/fonts/type1/urw/av
antgar/uagd8a.pfb></usr/share/texmf-tetex/fonts/type1/urw/times/utmbi8a.pfb></u
sr/share/texmf-tetex/fonts/type1/public/txfonts/rtxbmi.pfb></usr/share/texmf-te
tex/fonts/type1/public/txfonts/rtxb.pfb></usr/share/texmf-tetex/fonts/type1/pub
lic/txfonts/txbsy.pfb></usr/share/texmf-tetex/fonts/type1/urw/times/utmb8a.pfb>
</usr/share/texmf-tetex/fonts/type1/public/txfonts/txsyc.pfb></usr/share/texmf-
tetex/fonts/type1/urw/times/utmbi8a.pfb></usr/share/texmf-tetex/fonts/type1/pub
lic/txfonts/txex.pfb></usr/share/texmf-tetex/fonts/type1/public/txfonts/txsyb.p
fb></usr/share/texmf-tetex/fonts/type1/public/txfonts/rtxr.pfb></usr/share/texm
f-tetex/fonts/type1/urw/times/utmri8a.pfb></usr/share/texmf-tetex/fonts/type1/p
ublic/txfonts/txtt.pfb></usr/share/texmf-tetex/fonts/type1/urw/courier/ucrro8a.
pfb></usr/share/texmf-tetex/fonts/type1/urw/courier/ucrb8a.pfb></usr/share/texm
f-tetex/fonts/type1/urw/times/utmri8a.pfb></usr/share/texmf-tetex/fonts/type1/u
rw/times/utmr8a.pfb></usr/share/texmf-tetex/fonts/type1/urw/times/utmb8a.pfb></
usr/share/texmf-tetex/fonts/type1/public/txfonts/txsy.pfb></usr/share/texmf-tet
ex/fonts/type1/public/txfonts/rtxmi.pfb></usr/share/texmf-tetex/fonts/type1/urw
/times/utmr8a.pfb></usr/share/texmf-tetex/fonts/type1/urw/ncntrsbk/uncr8a.pfb><
/usr/share/texmf-tetex/fonts/type1/urw/courier/ucrr8a.pfb></usr/share/texmf-tet
ex/fonts/type1/urw/times/utmr8a.pfb>
Output written on freefem++doc.pdf (254 pages, 5074968 bytes).
