\BOOKMARK [0][-]{chapter.1}{Introduction}{}
\BOOKMARK [1][-]{section.1.1}{Installation }{chapter.1}
\BOOKMARK [2][-]{subsection.1.1.1}{Installation from sources}{section.1.1}
\BOOKMARK [2][-]{subsection.1.1.2}{Windows binaries install}{section.1.1}
\BOOKMARK [2][-]{subsection.1.1.3}{MacOS X binaries install}{section.1.1}
\BOOKMARK [1][-]{section.1.2}{How to use FreeFem++ }{chapter.1}
\BOOKMARK [1][-]{section.1.3}{Environment variable, and init file}{chapter.1}
\BOOKMARK [1][-]{section.1.4}{History}{chapter.1}
\BOOKMARK [0][-]{chapter.2}{Getting Started}{}
\BOOKMARK [1][-]{subsection.2.0.1}{FEM by FreeFem++ : how does it work?}{chapter.2}
\BOOKMARK [2][-]{subsection.2.0.2}{Some Features of FreeFem++ }{subsection.2.0.1}
\BOOKMARK [1][-]{section.2.1}{The Development Cycle: Edit--Run/Visualize--Revise}{chapter.2}
\BOOKMARK [0][-]{chapter.3}{Learning by Examples}{}
\BOOKMARK [1][-]{section.3.1}{Membranes}{chapter.3}
\BOOKMARK [1][-]{section.3.2}{Heat Exchanger}{chapter.3}
\BOOKMARK [1][-]{section.3.3}{Acoustics}{chapter.3}
\BOOKMARK [1][-]{section.3.4}{Thermal Conduction}{chapter.3}
\BOOKMARK [2][-]{subsection.3.4.1}{Axisymmetry: 3D Rod with circular section}{section.3.4}
\BOOKMARK [2][-]{subsection.3.4.2}{A Nonlinear Problem : Radiation}{section.3.4}
\BOOKMARK [1][-]{section.3.5}{Irrotational Fan Blade Flow and Thermal effects}{chapter.3}
\BOOKMARK [2][-]{subsection.3.5.1}{Heat Convection around the airfoil}{section.3.5}
\BOOKMARK [1][-]{section.3.6}{Pure Convection : The Rotating Hill}{chapter.3}
\BOOKMARK [1][-]{section.3.7}{A Projection Algorithm for the Navier-Stokes equations }{chapter.3}
\BOOKMARK [1][-]{section.3.8}{The System of elasticity}{chapter.3}
\BOOKMARK [1][-]{section.3.9}{The System of Stokes for Fluids}{chapter.3}
\BOOKMARK [1][-]{section.3.10}{An Example with Complex Numbers}{chapter.3}
\BOOKMARK [1][-]{section.3.11}{Optimal Control}{chapter.3}
\BOOKMARK [1][-]{section.3.12}{Classification of the equations}{chapter.3}
\BOOKMARK [0][-]{chapter.4}{Syntax}{}
\BOOKMARK [1][-]{section.4.1}{Data Types}{chapter.4}
\BOOKMARK [1][-]{section.4.2}{List of major types}{chapter.4}
\BOOKMARK [1][-]{section.4.3}{Global Variables}{chapter.4}
\BOOKMARK [1][-]{section.4.4}{System Commands}{chapter.4}
\BOOKMARK [1][-]{section.4.5}{Arithmetic}{chapter.4}
\BOOKMARK [1][-]{section.4.6}{One Variable Functions}{chapter.4}
\BOOKMARK [1][-]{section.4.7}{Functions of Two Variables}{chapter.4}
\BOOKMARK [2][-]{subsection.4.7.1}{Formula}{section.4.7}
\BOOKMARK [2][-]{subsection.4.7.2}{FE-function}{section.4.7}
\BOOKMARK [1][-]{section.4.8}{Arrays}{chapter.4}
\BOOKMARK [2][-]{subsection.4.8.1}{Arrays with two integer indices versus matrix}{section.4.8}
\BOOKMARK [2][-]{subsection.4.8.2}{Matrix Operations}{section.4.8}
\BOOKMARK [2][-]{subsection.4.8.3}{Other arrays}{section.4.8}
\BOOKMARK [1][-]{section.4.9}{Loops}{chapter.4}
\BOOKMARK [1][-]{section.4.10}{Input/Output}{chapter.4}
\BOOKMARK [1][-]{section.4.11}{Exception handling}{chapter.4}
\BOOKMARK [0][-]{chapter.5}{Mesh Generation}{}
\BOOKMARK [1][-]{section.5.1}{Commands for Mesh Generation}{chapter.5}
\BOOKMARK [2][-]{subsection.5.1.1}{Square}{section.5.1}
\BOOKMARK [2][-]{subsection.5.1.2}{Border}{section.5.1}
\BOOKMARK [2][-]{subsection.5.1.3}{Data Structure and Read/Write Statements for a Mesh}{section.5.1}
\BOOKMARK [2][-]{subsection.5.1.4}{The keyword "triangulate"}{section.5.1}
\BOOKMARK [1][-]{section.5.2}{Boundary FEM Spaces Built as Empty Meshes}{chapter.5}
\BOOKMARK [1][-]{section.5.3}{Remeshing}{chapter.5}
\BOOKMARK [2][-]{subsection.5.3.1}{Movemesh}{section.5.3}
\BOOKMARK [1][-]{section.5.4}{Regular Triangulation: hTriangle}{chapter.5}
\BOOKMARK [1][-]{section.5.5}{Adaptmesh}{chapter.5}
\BOOKMARK [1][-]{section.5.6}{Trunc}{chapter.5}
\BOOKMARK [1][-]{section.5.7}{Splitmesh}{chapter.5}
\BOOKMARK [1][-]{section.5.8}{Meshing Examples}{chapter.5}
\BOOKMARK [0][-]{chapter.6}{Finite Elements}{}
\BOOKMARK [1][-]{section.6.1}{Lagrange finite element}{chapter.6}
\BOOKMARK [2][-]{subsection.6.1.1}{P0-element}{section.6.1}
\BOOKMARK [2][-]{subsection.6.1.2}{P1-element}{section.6.1}
\BOOKMARK [2][-]{subsection.6.1.3}{P2-element}{section.6.1}
\BOOKMARK [1][-]{section.6.2}{P1 Nonconforming Element}{chapter.6}
\BOOKMARK [1][-]{section.6.3}{Other FE-space}{chapter.6}
\BOOKMARK [1][-]{section.6.4}{Vector valued FE-function}{chapter.6}
\BOOKMARK [2][-]{subsection.6.4.1}{Raviart-Thomas element}{section.6.4}
\BOOKMARK [1][-]{section.6.5}{A Fast Finite Element Interpolator}{chapter.6}
\BOOKMARK [1][-]{section.6.6}{Keywords: Problem and Solve}{chapter.6}
\BOOKMARK [2][-]{subsection.6.6.1}{Weak form and Boundary Condition}{section.6.6}
\BOOKMARK [1][-]{section.6.7}{Parameters affecting solve and problem}{chapter.6}
\BOOKMARK [1][-]{section.6.8}{Problem definition}{chapter.6}
\BOOKMARK [1][-]{section.6.9}{Numerical Integration}{chapter.6}
\BOOKMARK [1][-]{section.6.10}{Variational Form, Sparse Matrix, PDE Data Vector}{chapter.6}
\BOOKMARK [1][-]{section.6.11}{Interpolation matrix}{chapter.6}
\BOOKMARK [1][-]{section.6.12}{Finite elements connectivity}{chapter.6}
\BOOKMARK [0][-]{chapter.7}{Visualization}{}
\BOOKMARK [1][-]{section.7.1}{Plot}{chapter.7}
\BOOKMARK [1][-]{section.7.2}{link with gnuplot}{chapter.7}
\BOOKMARK [1][-]{section.7.3}{link with medit}{chapter.7}
\BOOKMARK [0][-]{chapter.8}{Algorithms}{}
\BOOKMARK [1][-]{section.8.1}{conjugate Gradient/GMRES}{chapter.8}
\BOOKMARK [1][-]{section.8.2}{Optimization}{chapter.8}
\BOOKMARK [0][-]{chapter.9}{Mathematical Models}{}
\BOOKMARK [1][-]{section.9.1}{Static Problems}{chapter.9}
\BOOKMARK [2][-]{subsection.9.1.1}{Soap Film}{section.9.1}
\BOOKMARK [2][-]{subsection.9.1.2}{Electrostatics}{section.9.1}
\BOOKMARK [2][-]{subsection.9.1.3}{Aerodynamics}{section.9.1}
\BOOKMARK [2][-]{subsection.9.1.4}{Error estimation}{section.9.1}
\BOOKMARK [2][-]{subsection.9.1.5}{Periodic }{section.9.1}
\BOOKMARK [2][-]{subsection.9.1.6}{Poisson with mixed boundary condition}{section.9.1}
\BOOKMARK [2][-]{subsection.9.1.7}{Metric Adaptation and residual error indicator}{section.9.1}
\BOOKMARK [2][-]{subsection.9.1.8}{Adaptation using residual error indicator}{section.9.1}
\BOOKMARK [1][-]{section.9.2}{Elasticity}{chapter.9}
\BOOKMARK [2][-]{subsection.9.2.1}{Fracture Mechanics}{section.9.2}
\BOOKMARK [1][-]{section.9.3}{Nonlinear Static Problems}{chapter.9}
\BOOKMARK [2][-]{subsection.9.3.1}{Newton Ralphson algorithm}{section.9.3}
\BOOKMARK [1][-]{section.9.4}{Eigenvalue Problems}{chapter.9}
\BOOKMARK [1][-]{section.9.5}{Evolution Problems}{chapter.9}
\BOOKMARK [2][-]{subsection.9.5.1}{Mathematical Theory on Time Difference Approximations.}{section.9.5}
\BOOKMARK [2][-]{subsection.9.5.2}{Convection}{section.9.5}
\BOOKMARK [2][-]{subsection.9.5.3}{2D Black-Scholes equation for an European Put option}{section.9.5}
\BOOKMARK [1][-]{section.9.6}{Navier-Stokes Equation}{chapter.9}
\BOOKMARK [2][-]{subsection.9.6.1}{Stokes and Navier-Stokes}{section.9.6}
\BOOKMARK [2][-]{subsection.9.6.2}{Uzawa Conjugate Gradient}{section.9.6}
\BOOKMARK [2][-]{subsection.9.6.3}{NSUzawaCahouetChabart.edp}{section.9.6}
\BOOKMARK [1][-]{section.9.7}{Variational inequality}{chapter.9}
\BOOKMARK [1][-]{section.9.8}{Domain decomposition}{chapter.9}
\BOOKMARK [2][-]{subsection.9.8.1}{Schwarz Overlap Scheme}{section.9.8}
\BOOKMARK [2][-]{subsection.9.8.2}{Schwarz non Overlap Scheme}{section.9.8}
\BOOKMARK [2][-]{subsection.9.8.3}{Schwarz-gc.edp}{section.9.8}
\BOOKMARK [1][-]{section.9.9}{Fluid/Structures Coupled Problem}{chapter.9}
\BOOKMARK [1][-]{section.9.10}{Transmission Problem}{chapter.9}
\BOOKMARK [1][-]{section.9.11}{Free Boundary Problem}{chapter.9}
\BOOKMARK [1][-]{section.9.12}{nolinear-elas.edp}{chapter.9}
\BOOKMARK [0][-]{chapter.10}{Parallel version experimental}{}
\BOOKMARK [1][-]{section.10.1}{Schwarz in parallel}{chapter.10}
\BOOKMARK [0][-]{chapter.11}{Graphical User Interface}{}
\BOOKMARK [0][-]{chapter.12}{Mesh Files}{}
\BOOKMARK [1][-]{section.12.1}{File mesh data structure}{chapter.12}
\BOOKMARK [1][-]{section.12.2}{bb File type for Store Solutions}{chapter.12}
\BOOKMARK [1][-]{section.12.3}{BB File Type for Store Solutions}{chapter.12}
\BOOKMARK [1][-]{section.12.4}{Metric File}{chapter.12}
\BOOKMARK [1][-]{section.12.5}{List of AM\137FMT, AMDBA Meshes}{chapter.12}
\BOOKMARK [0][-]{chapter.13}{Add new finite element}{}
\BOOKMARK [1][-]{section.13.1}{Some notation}{chapter.13}
\BOOKMARK [1][-]{section.13.2}{Which class of add}{chapter.13}
\BOOKMARK [0][-]{appendix.A}{Table of Notations}{}
\BOOKMARK [1][-]{section.A.1}{Generalities}{appendix.A}
\BOOKMARK [1][-]{section.A.2}{Sets, Mappings, Matrices, Vectors}{appendix.A}
\BOOKMARK [1][-]{section.A.3}{Numbers}{appendix.A}
\BOOKMARK [1][-]{section.A.4}{Differential Calculus}{appendix.A}
\BOOKMARK [1][-]{section.A.5}{Meshes}{appendix.A}
\BOOKMARK [1][-]{section.A.6}{Finite Element Spaces}{appendix.A}
\BOOKMARK [0][-]{appendix.B}{Grammar}{}
\BOOKMARK [1][-]{section.B.1}{The bison grammar}{appendix.B}
\BOOKMARK [1][-]{section.B.2}{The Types of the languages, and cast}{appendix.B}
\BOOKMARK [1][-]{section.B.3}{All the operators}{appendix.B}
\BOOKMARK [0][-]{appendix.C}{Dynamical link}{}
\BOOKMARK [1][-]{section.C.1}{A first example myfunction.cpp}{appendix.C}
\BOOKMARK [1][-]{section.C.2}{Example Discrete Fast Fourier Transform }{appendix.C}
\BOOKMARK [1][-]{section.C.3}{Load Module for Dervieux' P0-P1 Finite Volume Method}{appendix.C}
\BOOKMARK [1][-]{section.C.4}{Add a new finite element}{appendix.C}
\BOOKMARK [0][-]{appendix.D}{Keywords}{}
