
## ---------------------- ##
## Running config.status. ##
## ---------------------- ##

This file was extended by FreeFem++ config.status 3.11, which was
generated by GNU Autoconf 2.65.  Invocation command line was

  CONFIG_FILES    = 
  CONFIG_HEADERS  = 
  CONFIG_LINKS    = 
  CONFIG_COMMANDS = 
  $ ../../config.status --file=ff-mpirun:ff-mpirun.in

on filippos

config.status:1037: creating ff-mpirun

## ---------------------- ##
## Running config.status. ##
## ---------------------- ##

This file was extended by FreeFem++ config.status 3.11, which was
generated by GNU Autoconf 2.65.  Invocation command line was

  CONFIG_FILES    = 
  CONFIG_HEADERS  = 
  CONFIG_LINKS    = 
  CONFIG_COMMANDS = 
  $ ../../config.status --file=ff-mpirun:ff-mpirun.in

on filippos

config.status:1037: creating ff-mpirun
