
## ---------------------- ##
## Running config.status. ##
## ---------------------- ##

This file was extended by FreeFem++ config.status 3.20, which was
generated by GNU Autoconf 2.69.  Invocation command line was

  CONFIG_FILES    = 
  CONFIG_HEADERS  = 
  CONFIG_LINKS    = 
  CONFIG_COMMANDS = 
  $ ../../config.status --file=Makefile.inc:Makefile-mumps-4.10.0.inc

on filippos

config.status:1055: creating Makefile.inc

## ---------------------- ##
## Running config.status. ##
## ---------------------- ##

This file was extended by FreeFem++ config.status 3.20, which was
generated by GNU Autoconf 2.69.  Invocation command line was

  CONFIG_FILES    = 
  CONFIG_HEADERS  = 
  CONFIG_LINKS    = 
  CONFIG_COMMANDS = 
  $ ../../config.status --file=Makefile.inc:Makefile-mumps-4.10.0.inc

on filippos

config.status:1055: creating Makefile.inc
