


## ---------------------- ##
## Running config.status. ##
## ---------------------- ##

This file was extended by FreeFem++ config.status 3.10, which was
generated by GNU Autoconf 2.65.  Invocation command line was

  CONFIG_FILES    = 
  CONFIG_HEADERS  = 
  CONFIG_LINKS    = 
  CONFIG_COMMANDS = 
  $ ../config.status --file=ff-get-dep:ff-get-dep.in

on filippos

## ---------------------- ##
## Running config.status. ##
## ---------------------- ##

This file was extended by FreeFem++ config.status 3.10, which was
generated by GNU Autoconf 2.65.  Invocation command line was

  CONFIG_FILES    = 
  CONFIG_HEADERS  = 
  CONFIG_LINKS    = 
  CONFIG_COMMANDS = 
  $ ../config.status --file=load.link:load.link.in

on filippos

## ---------------------- ##
## Running config.status. ##
## ---------------------- ##

This file was extended by FreeFem++ config.status 3.10, which was
generated by GNU Autoconf 2.65.  Invocation command line was

  CONFIG_FILES    = 
  CONFIG_HEADERS  = 
  CONFIG_LINKS    = 
  CONFIG_COMMANDS = 
  $ ../config.status --file=ff-pkg-download:ff-pkg-download.in

on filippos

config.status:1036: creating load.link
config.status:1036: creating ff-pkg-download
config.status:1036: creating ff-get-dep

## ---------------------- ##
## Running config.status. ##
## ---------------------- ##

This file was extended by FreeFem++ config.status 3.10, which was
generated by GNU Autoconf 2.65.  Invocation command line was

  CONFIG_FILES    = 
  CONFIG_HEADERS  = 
  CONFIG_LINKS    = 
  CONFIG_COMMANDS = 
  $ ../config.status --file=ff-c++:load.link.in

on filippos

config.status:1036: creating ff-c++

## ---------------------- ##
## Running config.status. ##
## ---------------------- ##

This file was extended by FreeFem++ config.status 3.10, which was
generated by GNU Autoconf 2.65.  Invocation command line was

  CONFIG_FILES    = 
  CONFIG_HEADERS  = 
  CONFIG_LINKS    = 
  CONFIG_COMMANDS = 
  $ ../config.status --file=load.link:load.link.in

on filippos


## ---------------------- ##
## Running config.status. ##
## ---------------------- ##

This file was extended by FreeFem++ config.status 3.10, which was
generated by GNU Autoconf 2.65.  Invocation command line was

  CONFIG_FILES    = 
  CONFIG_HEADERS  = 
  CONFIG_LINKS    = 
  CONFIG_COMMANDS = 
  $ ../config.status --file=ff-pkg-download:ff-pkg-download.in

on filippos


## ---------------------- ##
## Running config.status. ##
## ---------------------- ##

This file was extended by FreeFem++ config.status 3.10, which was
generated by GNU Autoconf 2.65.  Invocation command line was

  CONFIG_FILES    = 
  CONFIG_HEADERS  = 
  CONFIG_LINKS    = 
  CONFIG_COMMANDS = 
  $ ../config.status --file=ff-get-dep:ff-get-dep.in

on filippos

config.status:1036: creating load.link
config.status:1036: creating ff-pkg-download
config.status:1036: creating ff-get-dep


## ---------------------- ##
## Running config.status. ##
## ---------------------- ##
## ---------------------- ##
## Running config.status. ##
## ---------------------- ##

This file was extended by FreeFem++ config.status 3.10, which was
generated by GNU Autoconf 2.65.  Invocation command line was

  CONFIG_FILES    = 
  CONFIG_HEADERS  = 
  CONFIG_LINKS    = 
  CONFIG_COMMANDS = 
  $ ../config.status --file=ff-pkg-download:ff-pkg-download.in

on filippos


This file was extended by FreeFem++ config.status 3.10, which was
generated by GNU Autoconf 2.65.  Invocation command line was

  CONFIG_FILES    = 
  CONFIG_HEADERS  = 
  CONFIG_LINKS    = 
  CONFIG_COMMANDS = 
  $ ../config.status --file=load.link:load.link.in

on filippos


## ---------------------- ##
## Running config.status. ##
## ---------------------- ##

This file was extended by FreeFem++ config.status 3.10, which was
generated by GNU Autoconf 2.65.  Invocation command line was

  CONFIG_FILES    = 
  CONFIG_HEADERS  = 
  CONFIG_LINKS    = 
  CONFIG_COMMANDS = 
  $ ../config.status --file=ff-get-dep:ff-get-dep.in

on filippos

config.status:1036: creating ff-pkg-download
config.status:1036: creating load.link
config.status:1036: creating ff-get-dep

## ---------------------- ##
## Running config.status. ##
## ---------------------- ##

This file was extended by FreeFem++ config.status 3.10, which was
generated by GNU Autoconf 2.65.  Invocation command line was

  CONFIG_FILES    = 
  CONFIG_HEADERS  = 
  CONFIG_LINKS    = 
  CONFIG_COMMANDS = 
  $ ../config.status --file=ff-c++:load.link.in

on filippos

config.status:1036: creating ff-c++
