 -- complex_SuperLU_DIST_FreeFem.cpp -I/usr/lib/openmpi/include -I/usr/lib/openmpi/include/openmpi -DAdd_  ERROR-missing-lib:superlu_dist
-lblas ERROR-missing-lib:parmetis 
 -- hips_FreeFem.cpp -I/usr/lib/openmpi/include -I/usr/lib/openmpi/include/openmpi  ERROR-missing-lib:hips
ERROR-missing-lib:metis 
 -- dSuperLU_DIST.cpp -I/usr/lib/openmpi/include -I/usr/lib/openmpi/include/openmpi -DAdd_  ERROR-missing-lib:metis
ERROR-missing-lib:superlu_dist
ERROR-missing-lib:parmetis 
 -- real_SuperLU_DIST_FreeFem.cpp -I/usr/lib/openmpi/include -I/usr/lib/openmpi/include/openmpi -DAdd_  ERROR-missing-lib:superlu_dist
-lblas ERROR-missing-lib:parmetis
ERROR-missing-lib:metis 
 -- interfacepastix.cpp -I/usr/lib/openmpi/include -I/usr/lib/openmpi/include/openmpi -DAdd_  ERROR-missing-lib:double_pastix
-lblas ERROR-missing-lib:parmetis
ERROR-missing-lib:metis
ERROR-missing-lib:scotch 
 -- complex_pastix_FreeFem.cpp -I/usr/lib/openmpi/include -I/usr/lib/openmpi/include/openmpi -DAdd_  ERROR-missing-lib:complex_pastix
-lblas ERROR-missing-lib:parmetis
ERROR-missing-lib:metis
ERROR-missing-lib:scotch 
 -- MUMPS.cpp -I/usr/lib/openmpi/include -I/usr/lib/openmpi/include/openmpi -DAdd_ -I/usr/lib/openmpi/include -I/usr/lib/openmpi/include/openmpi  -ldmumps -lzmumps -lmumps_common -lpord ERROR-missing-lib:parmetis 
 -- MUMPS_FreeFem.cpp -I/usr/lib/openmpi/include -I/usr/lib/openmpi/include/openmpi -DAdd_ -I/usr/lib/openmpi/include -I/usr/lib/openmpi/include/openmpi  -ldmumps -lzmumps -lmumps_common -lpord ERROR-missing-lib:parmetis 
 -- parms_FreeFem.cpp -I/usr/lib/openmpi/include -I/usr/lib/openmpi/include/openmpi -I/usr/lib/openmpi/include -I/usr/lib/openmpi/include/openmpi -DAdd_  ERROR-missing-lib:metis
ERROR-missing-lib:parms 
 -- real_pastix_FreeFem.cpp -I/usr/lib/openmpi/include -I/usr/lib/openmpi/include/openmpi -DAdd_  ERROR-missing-lib:double_pastix
-lblas ERROR-missing-lib:parmetis
ERROR-missing-lib:metis
ERROR-missing-lib:scotch 
 -- complex_SuperLU_DIST_FreeFem.cpp -I/usr/lib/openmpi/include -I/usr/lib/openmpi/include/openmpi -DAdd_  ERROR-missing-lib:superlu_dist
-lblas ERROR-missing-lib:parmetis 
 -- hips_FreeFem.cpp -I/usr/lib/openmpi/include -I/usr/lib/openmpi/include/openmpi  ERROR-missing-lib:hips
ERROR-missing-lib:metis 
 -- dSuperLU_DIST.cpp -I/usr/lib/openmpi/include -I/usr/lib/openmpi/include/openmpi -DAdd_  ERROR-missing-lib:metis
ERROR-missing-lib:superlu_dist
ERROR-missing-lib:parmetis 
 -- real_SuperLU_DIST_FreeFem.cpp -I/usr/lib/openmpi/include -I/usr/lib/openmpi/include/openmpi -DAdd_  ERROR-missing-lib:superlu_dist
-lblas ERROR-missing-lib:parmetis
ERROR-missing-lib:metis 
 -- complex_pastix_FreeFem.cpp -I/usr/lib/openmpi/include -I/usr/lib/openmpi/include/openmpi -DAdd_  ERROR-missing-lib:complex_pastix
-lblas ERROR-missing-lib:parmetis
ERROR-missing-lib:metis
ERROR-missing-lib:scotch 
 -- interfacepastix.cpp -I/usr/lib/openmpi/include -I/usr/lib/openmpi/include/openmpi -DAdd_  ERROR-missing-lib:double_pastix
-lblas ERROR-missing-lib:parmetis
ERROR-missing-lib:metis
ERROR-missing-lib:scotch 
 -- MUMPS.cpp -I/usr/lib/openmpi/include -I/usr/lib/openmpi/include/openmpi -DAdd_ -I/usr/lib/openmpi/include -I/usr/lib/openmpi/include/openmpi  -ldmumps -lzmumps -lmumps_common -lpord ERROR-missing-lib:parmetis 
 -- MUMPS_FreeFem.cpp -I/usr/lib/openmpi/include -I/usr/lib/openmpi/include/openmpi -DAdd_ -I/usr/lib/openmpi/include -I/usr/lib/openmpi/include/openmpi  -ldmumps -lzmumps -lmumps_common -lpord ERROR-missing-lib:parmetis 
 -- real_pastix_FreeFem.cpp -I/usr/lib/openmpi/include -I/usr/lib/openmpi/include/openmpi -DAdd_  ERROR-missing-lib:double_pastix
-lblas ERROR-missing-lib:parmetis
ERROR-missing-lib:metis
ERROR-missing-lib:scotch 
 -- parms_FreeFem.cpp -I/usr/lib/openmpi/include -I/usr/lib/openmpi/include/openmpi -I/usr/lib/openmpi/include -I/usr/lib/openmpi/include/openmpi -DAdd_  ERROR-missing-lib:metis
ERROR-missing-lib:parms 
